---------------------------------------------------------------
[ 2018-11-02T10:09:48+08:00 ] 0.0.0.0 GET /
[ info ] kwok.com/ [运行时间：0.057740s][吞吐率：17.32req/s] [内存消耗：1,660.40kb] [文件加载：37]
[ info ] [ LANG ] /Users/Kwok/git/kwok/thinkphp/lang/zh-cn.php
[ info ] [ ROUTE ] array (
  'type' => 'module',
  'module' => 
  array (
    0 => '',
    1 => NULL,
    2 => NULL,
  ),
)
[ info ] [ HEADER ] array (
  'host' => 'kwok.com',
  'connection' => 'keep-alive',
  'upgrade-insecure-requests' => '1',
  'user-agent' => 'Mozilla/5.0 (Macintosh; Intel Mac OS X 10_11_4) AppleWebKit/537.36 (KHTML, like Gecko) Chrome/70.0.3538.77 Safari/537.36',
  'dnt' => '1',
  'accept' => 'text/html,application/xhtml+xml,application/xml;q=0.9,image/webp,image/apng,*/*;q=0.8',
  'accept-encoding' => 'gzip, deflate',
  'accept-language' => 'zh,en;q=0.9,zh-TW;q=0.8,zh-CN;q=0.7',
  'cookie' => 'pgv_pvi=7880343552; OUTFOX_SEARCH_USER_ID_NCOO=1262556674.9797127',
)
[ info ] [ PARAM ] array (
)
[ info ] [ RUN ] app\index\controller\Index->index[ /Users/Kwok/git/kwok/application/index/controller/Index.php ]
[ info ] [ VIEW ] /Users/Kwok/git/kwok/public/../application/index/view/index/index.html [ array (
) ]
[ info ] [ LOG ] INIT File
---------------------------------------------------------------
[ 2018-11-02T10:09:48+08:00 ] 0.0.0.0 GET /static/index/img/profileimg.png
[ info ] kwok.com/static/index/img/profileimg.png [运行时间：0.064923s][吞吐率：15.40req/s] [内存消耗：1,026.75kb] [文件加载：29]
[ info ] [ LANG ] /Users/Kwok/git/kwok/thinkphp/lang/zh-cn.php
[ info ] [ ROUTE ] array (
  'type' => 'module',
  'module' => 
  array (
    0 => 'static',
    1 => 'index',
    2 => 'img',
  ),
)
[ info ] [ HEADER ] array (
  'host' => 'kwok.com',
  'connection' => 'keep-alive',
  'user-agent' => 'Mozilla/5.0 (Macintosh; Intel Mac OS X 10_11_4) AppleWebKit/537.36 (KHTML, like Gecko) Chrome/70.0.3538.77 Safari/537.36',
  'dnt' => '1',
  'accept' => 'image/webp,image/apng,image/*,*/*;q=0.8',
  'referer' => 'http://kwok.com/',
  'accept-encoding' => 'gzip, deflate',
  'accept-language' => 'zh,en;q=0.9,zh-TW;q=0.8,zh-CN;q=0.7',
  'cookie' => 'pgv_pvi=7880343552; OUTFOX_SEARCH_USER_ID_NCOO=1262556674.9797127',
)
[ info ] [ PARAM ] array (
)
[ info ] [ LOG ] INIT File
---------------------------------------------------------------
[ 2018-11-02T10:09:48+08:00 ] 0.0.0.0 GET /static/index/img/loading.gif
[ info ] kwok.com/static/index/img/loading.gif [运行时间：0.072566s][吞吐率：13.78req/s] [内存消耗：1,026.66kb] [文件加载：29]
[ info ] [ LANG ] /Users/Kwok/git/kwok/thinkphp/lang/zh-cn.php
[ info ] [ ROUTE ] array (
  'type' => 'module',
  'module' => 
  array (
    0 => 'static',
    1 => 'index',
    2 => 'img',
  ),
)
[ info ] [ HEADER ] array (
  'host' => 'kwok.com',
  'connection' => 'keep-alive',
  'user-agent' => 'Mozilla/5.0 (Macintosh; Intel Mac OS X 10_11_4) AppleWebKit/537.36 (KHTML, like Gecko) Chrome/70.0.3538.77 Safari/537.36',
  'dnt' => '1',
  'accept' => 'image/webp,image/apng,image/*,*/*;q=0.8',
  'referer' => 'http://kwok.com/',
  'accept-encoding' => 'gzip, deflate',
  'accept-language' => 'zh,en;q=0.9,zh-TW;q=0.8,zh-CN;q=0.7',
  'cookie' => 'pgv_pvi=7880343552; OUTFOX_SEARCH_USER_ID_NCOO=1262556674.9797127',
)
[ info ] [ PARAM ] array (
)
[ info ] [ LOG ] INIT File
---------------------------------------------------------------
[ 2018-11-02T10:09:48+08:00 ] 0.0.0.0 GET /static/index/css/root.css
[ info ] kwok.com/static/index/css/root.css [运行时间：0.076116s][吞吐率：13.14req/s] [内存消耗：1,026.61kb] [文件加载：29]
[ info ] [ LANG ] /Users/Kwok/git/kwok/thinkphp/lang/zh-cn.php
[ info ] [ ROUTE ] array (
  'type' => 'module',
  'module' => 
  array (
    0 => 'static',
    1 => 'index',
    2 => 'css',
  ),
)
[ info ] [ HEADER ] array (
  'host' => 'kwok.com',
  'connection' => 'keep-alive',
  'user-agent' => 'Mozilla/5.0 (Macintosh; Intel Mac OS X 10_11_4) AppleWebKit/537.36 (KHTML, like Gecko) Chrome/70.0.3538.77 Safari/537.36',
  'dnt' => '1',
  'accept' => 'text/css,*/*;q=0.1',
  'referer' => 'http://kwok.com/',
  'accept-encoding' => 'gzip, deflate',
  'accept-language' => 'zh,en;q=0.9,zh-TW;q=0.8,zh-CN;q=0.7',
  'cookie' => 'pgv_pvi=7880343552; OUTFOX_SEARCH_USER_ID_NCOO=1262556674.9797127',
)
[ info ] [ PARAM ] array (
)
[ info ] [ LOG ] INIT File
---------------------------------------------------------------
[ 2018-11-02T10:09:49+08:00 ] 0.0.0.0 GET /static/index/js/bootstrap-select/bootstrap-select.js
[ info ] kwok.com/static/index/js/bootstrap-select/bootstrap-select.js [运行时间：0.034507s][吞吐率：28.98req/s] [内存消耗：1,027.57kb] [文件加载：29]
[ info ] [ LANG ] /Users/Kwok/git/kwok/thinkphp/lang/zh-cn.php
[ info ] [ ROUTE ] array (
  'type' => 'module',
  'module' => 
  array (
    0 => 'static',
    1 => 'index',
    2 => 'js',
  ),
)
[ info ] [ HEADER ] array (
  'host' => 'kwok.com',
  'connection' => 'keep-alive',
  'user-agent' => 'Mozilla/5.0 (Macintosh; Intel Mac OS X 10_11_4) AppleWebKit/537.36 (KHTML, like Gecko) Chrome/70.0.3538.77 Safari/537.36',
  'dnt' => '1',
  'accept' => '*/*',
  'referer' => 'http://kwok.com/',
  'accept-encoding' => 'gzip, deflate',
  'accept-language' => 'zh,en;q=0.9,zh-TW;q=0.8,zh-CN;q=0.7',
  'cookie' => 'pgv_pvi=7880343552; OUTFOX_SEARCH_USER_ID_NCOO=1262556674.9797127',
)
[ info ] [ PARAM ] array (
  'select' => 'bootstrap-select.js',
)
[ info ] [ LOG ] INIT File
---------------------------------------------------------------
[ 2018-11-02T10:09:49+08:00 ] 0.0.0.0 GET /static/index/js/plugins.js
[ info ] kwok.com/static/index/js/plugins.js [运行时间：0.055991s][吞吐率：17.86req/s] [内存消耗：1,026.19kb] [文件加载：29]
[ info ] [ LANG ] /Users/Kwok/git/kwok/thinkphp/lang/zh-cn.php
[ info ] [ ROUTE ] array (
  'type' => 'module',
  'module' => 
  array (
    0 => 'static',
    1 => 'index',
    2 => 'js',
  ),
)
[ info ] [ HEADER ] array (
  'host' => 'kwok.com',
  'connection' => 'keep-alive',
  'user-agent' => 'Mozilla/5.0 (Macintosh; Intel Mac OS X 10_11_4) AppleWebKit/537.36 (KHTML, like Gecko) Chrome/70.0.3538.77 Safari/537.36',
  'dnt' => '1',
  'accept' => '*/*',
  'referer' => 'http://kwok.com/',
  'accept-encoding' => 'gzip, deflate',
  'accept-language' => 'zh,en;q=0.9,zh-TW;q=0.8,zh-CN;q=0.7',
  'cookie' => 'pgv_pvi=7880343552; OUTFOX_SEARCH_USER_ID_NCOO=1262556674.9797127',
)
[ info ] [ PARAM ] array (
)
[ info ] [ LOG ] INIT File
---------------------------------------------------------------
[ 2018-11-02T10:09:49+08:00 ] 0.0.0.0 GET /static/index/js/bootstrap-toggle/bootstrap-toggle.min.js
[ info ] kwok.com/static/index/js/bootstrap-toggle/bootstrap-toggle.min.js [运行时间：0.046734s][吞吐率：21.40req/s] [内存消耗：1,027.68kb] [文件加载：29]
[ info ] [ LANG ] /Users/Kwok/git/kwok/thinkphp/lang/zh-cn.php
[ info ] [ ROUTE ] array (
  'type' => 'module',
  'module' => 
  array (
    0 => 'static',
    1 => 'index',
    2 => 'js',
  ),
)
[ info ] [ HEADER ] array (
  'host' => 'kwok.com',
  'connection' => 'keep-alive',
  'user-agent' => 'Mozilla/5.0 (Macintosh; Intel Mac OS X 10_11_4) AppleWebKit/537.36 (KHTML, like Gecko) Chrome/70.0.3538.77 Safari/537.36',
  'dnt' => '1',
  'accept' => '*/*',
  'referer' => 'http://kwok.com/',
  'accept-encoding' => 'gzip, deflate',
  'accept-language' => 'zh,en;q=0.9,zh-TW;q=0.8,zh-CN;q=0.7',
  'cookie' => 'pgv_pvi=7880343552; OUTFOX_SEARCH_USER_ID_NCOO=1262556674.9797127',
)
[ info ] [ PARAM ] array (
  'toggle' => 'bootstrap-toggle.min.js',
)
[ info ] [ LOG ] INIT File
---------------------------------------------------------------
[ 2018-11-02T10:09:49+08:00 ] 0.0.0.0 GET /static/index/js/flot-chart/flot-chart.js
[ info ] kwok.com/static/index/js/flot-chart/flot-chart.js [运行时间：0.051247s][吞吐率：19.51req/s] [内存消耗：1,027.44kb] [文件加载：29]
[ info ] [ LANG ] /Users/Kwok/git/kwok/thinkphp/lang/zh-cn.php
[ info ] [ ROUTE ] array (
  'type' => 'module',
  'module' => 
  array (
    0 => 'static',
    1 => 'index',
    2 => 'js',
  ),
)
[ info ] [ HEADER ] array (
  'host' => 'kwok.com',
  'connection' => 'keep-alive',
  'user-agent' => 'Mozilla/5.0 (Macintosh; Intel Mac OS X 10_11_4) AppleWebKit/537.36 (KHTML, like Gecko) Chrome/70.0.3538.77 Safari/537.36',
  'dnt' => '1',
  'accept' => '*/*',
  'referer' => 'http://kwok.com/',
  'accept-encoding' => 'gzip, deflate',
  'accept-language' => 'zh,en;q=0.9,zh-TW;q=0.8,zh-CN;q=0.7',
  'cookie' => 'pgv_pvi=7880343552; OUTFOX_SEARCH_USER_ID_NCOO=1262556674.9797127',
)
[ info ] [ PARAM ] array (
  'chart' => 'flot-chart.js',
)
[ info ] [ LOG ] INIT File
---------------------------------------------------------------
[ 2018-11-02T10:09:49+08:00 ] 0.0.0.0 GET /static/index/js/jquery.min.js
[ info ] kwok.com/static/index/js/jquery.min.js [运行时间：0.079957s][吞吐率：12.51req/s] [内存消耗：1,026.22kb] [文件加载：29]
[ info ] [ LANG ] /Users/Kwok/git/kwok/thinkphp/lang/zh-cn.php
[ info ] [ ROUTE ] array (
  'type' => 'module',
  'module' => 
  array (
    0 => 'static',
    1 => 'index',
    2 => 'js',
  ),
)
[ info ] [ HEADER ] array (
  'host' => 'kwok.com',
  'connection' => 'keep-alive',
  'user-agent' => 'Mozilla/5.0 (Macintosh; Intel Mac OS X 10_11_4) AppleWebKit/537.36 (KHTML, like Gecko) Chrome/70.0.3538.77 Safari/537.36',
  'dnt' => '1',
  'accept' => '*/*',
  'referer' => 'http://kwok.com/',
  'accept-encoding' => 'gzip, deflate',
  'accept-language' => 'zh,en;q=0.9,zh-TW;q=0.8,zh-CN;q=0.7',
  'cookie' => 'pgv_pvi=7880343552; OUTFOX_SEARCH_USER_ID_NCOO=1262556674.9797127',
)
[ info ] [ PARAM ] array (
)
[ info ] [ LOG ] INIT File
---------------------------------------------------------------
[ 2018-11-02T10:09:49+08:00 ] 0.0.0.0 GET /static/index/js/bootstrap/bootstrap.min.js
[ info ] kwok.com/static/index/js/bootstrap/bootstrap.min.js [运行时间：0.082288s][吞吐率：12.15req/s] [内存消耗：1,027.47kb] [文件加载：29]
[ info ] [ LANG ] /Users/Kwok/git/kwok/thinkphp/lang/zh-cn.php
[ info ] [ ROUTE ] array (
  'type' => 'module',
  'module' => 
  array (
    0 => 'static',
    1 => 'index',
    2 => 'js',
  ),
)
[ info ] [ HEADER ] array (
  'host' => 'kwok.com',
  'connection' => 'keep-alive',
  'user-agent' => 'Mozilla/5.0 (Macintosh; Intel Mac OS X 10_11_4) AppleWebKit/537.36 (KHTML, like Gecko) Chrome/70.0.3538.77 Safari/537.36',
  'dnt' => '1',
  'accept' => '*/*',
  'referer' => 'http://kwok.com/',
  'accept-encoding' => 'gzip, deflate',
  'accept-language' => 'zh,en;q=0.9,zh-TW;q=0.8,zh-CN;q=0.7',
  'cookie' => 'pgv_pvi=7880343552; OUTFOX_SEARCH_USER_ID_NCOO=1262556674.9797127',
)
[ info ] [ PARAM ] array (
  'bootstrap' => 'bootstrap.min.js',
)
[ info ] [ LOG ] INIT File
---------------------------------------------------------------
[ 2018-11-02T10:09:49+08:00 ] 0.0.0.0 GET /static/index/js/flot-chart/flot-chart-plugin.js
[ info ] kwok.com/static/index/js/flot-chart/flot-chart-plugin.js [运行时间：0.032664s][吞吐率：30.61req/s] [内存消耗：1,027.51kb] [文件加载：29]
[ info ] [ LANG ] /Users/Kwok/git/kwok/thinkphp/lang/zh-cn.php
[ info ] [ ROUTE ] array (
  'type' => 'module',
  'module' => 
  array (
    0 => 'static',
    1 => 'index',
    2 => 'js',
  ),
)
[ info ] [ HEADER ] array (
  'host' => 'kwok.com',
  'connection' => 'keep-alive',
  'user-agent' => 'Mozilla/5.0 (Macintosh; Intel Mac OS X 10_11_4) AppleWebKit/537.36 (KHTML, like Gecko) Chrome/70.0.3538.77 Safari/537.36',
  'dnt' => '1',
  'accept' => '*/*',
  'referer' => 'http://kwok.com/',
  'accept-encoding' => 'gzip, deflate',
  'accept-language' => 'zh,en;q=0.9,zh-TW;q=0.8,zh-CN;q=0.7',
  'cookie' => 'pgv_pvi=7880343552; OUTFOX_SEARCH_USER_ID_NCOO=1262556674.9797127',
)
[ info ] [ PARAM ] array (
  'chart' => 'flot-chart-plugin.js',
)
[ info ] [ LOG ] INIT File
---------------------------------------------------------------
[ 2018-11-02T10:09:49+08:00 ] 0.0.0.0 GET /static/index/js/easypiechart/easypiechart.js
[ info ] kwok.com/static/index/js/easypiechart/easypiechart.js [运行时间：0.027802s][吞吐率：35.97req/s] [内存消耗：1,027.46kb] [文件加载：29]
[ info ] [ LANG ] /Users/Kwok/git/kwok/thinkphp/lang/zh-cn.php
[ info ] [ ROUTE ] array (
  'type' => 'module',
  'module' => 
  array (
    0 => 'static',
    1 => 'index',
    2 => 'js',
  ),
)
[ info ] [ HEADER ] array (
  'host' => 'kwok.com',
  'connection' => 'keep-alive',
  'user-agent' => 'Mozilla/5.0 (Macintosh; Intel Mac OS X 10_11_4) AppleWebKit/537.36 (KHTML, like Gecko) Chrome/70.0.3538.77 Safari/537.36',
  'dnt' => '1',
  'accept' => '*/*',
  'referer' => 'http://kwok.com/',
  'accept-encoding' => 'gzip, deflate',
  'accept-language' => 'zh,en;q=0.9,zh-TW;q=0.8,zh-CN;q=0.7',
  'cookie' => 'pgv_pvi=7880343552; OUTFOX_SEARCH_USER_ID_NCOO=1262556674.9797127',
)
[ info ] [ PARAM ] array (
  'easypiechart' => 'easypiechart.js',
)
[ info ] [ LOG ] INIT File
---------------------------------------------------------------
[ 2018-11-02T10:09:49+08:00 ] 0.0.0.0 GET /static/index/js/flot-chart/flot-chart-time.js
[ info ] kwok.com/static/index/js/flot-chart/flot-chart-time.js [运行时间：0.110128s][吞吐率：9.08req/s] [内存消耗：1,027.48kb] [文件加载：29]
[ info ] [ LANG ] /Users/Kwok/git/kwok/thinkphp/lang/zh-cn.php
[ info ] [ ROUTE ] array (
  'type' => 'module',
  'module' => 
  array (
    0 => 'static',
    1 => 'index',
    2 => 'js',
  ),
)
[ info ] [ HEADER ] array (
  'host' => 'kwok.com',
  'connection' => 'keep-alive',
  'user-agent' => 'Mozilla/5.0 (Macintosh; Intel Mac OS X 10_11_4) AppleWebKit/537.36 (KHTML, like Gecko) Chrome/70.0.3538.77 Safari/537.36',
  'dnt' => '1',
  'accept' => '*/*',
  'referer' => 'http://kwok.com/',
  'accept-encoding' => 'gzip, deflate',
  'accept-language' => 'zh,en;q=0.9,zh-TW;q=0.8,zh-CN;q=0.7',
  'cookie' => 'pgv_pvi=7880343552; OUTFOX_SEARCH_USER_ID_NCOO=1262556674.9797127',
)
[ info ] [ PARAM ] array (
  'chart' => 'flot-chart-time.js',
)
[ info ] [ LOG ] INIT File
---------------------------------------------------------------
[ 2018-11-02T10:09:49+08:00 ] 0.0.0.0 GET /static/index/js/flot-chart/flot-chart-stack.js
[ info ] kwok.com/static/index/js/flot-chart/flot-chart-stack.js [运行时间：0.093971s][吞吐率：10.64req/s] [内存消耗：1,027.48kb] [文件加载：29]
[ info ] [ LANG ] /Users/Kwok/git/kwok/thinkphp/lang/zh-cn.php
[ info ] [ ROUTE ] array (
  'type' => 'module',
  'module' => 
  array (
    0 => 'static',
    1 => 'index',
    2 => 'js',
  ),
)
[ info ] [ HEADER ] array (
  'host' => 'kwok.com',
  'connection' => 'keep-alive',
  'user-agent' => 'Mozilla/5.0 (Macintosh; Intel Mac OS X 10_11_4) AppleWebKit/537.36 (KHTML, like Gecko) Chrome/70.0.3538.77 Safari/537.36',
  'dnt' => '1',
  'accept' => '*/*',
  'referer' => 'http://kwok.com/',
  'accept-encoding' => 'gzip, deflate',
  'accept-language' => 'zh,en;q=0.9,zh-TW;q=0.8,zh-CN;q=0.7',
  'cookie' => 'pgv_pvi=7880343552; OUTFOX_SEARCH_USER_ID_NCOO=1262556674.9797127',
)
[ info ] [ PARAM ] array (
  'chart' => 'flot-chart-stack.js',
)
[ info ] [ LOG ] INIT File
---------------------------------------------------------------
[ 2018-11-02T10:09:49+08:00 ] 0.0.0.0 GET /static/index/js/flot-chart/flot-chart-pie.js
[ info ] kwok.com/static/index/js/flot-chart/flot-chart-pie.js [运行时间：0.075945s][吞吐率：13.17req/s] [内存消耗：1,027.45kb] [文件加载：29]
[ info ] [ LANG ] /Users/Kwok/git/kwok/thinkphp/lang/zh-cn.php
[ info ] [ ROUTE ] array (
  'type' => 'module',
  'module' => 
  array (
    0 => 'static',
    1 => 'index',
    2 => 'js',
  ),
)
[ info ] [ HEADER ] array (
  'host' => 'kwok.com',
  'connection' => 'keep-alive',
  'user-agent' => 'Mozilla/5.0 (Macintosh; Intel Mac OS X 10_11_4) AppleWebKit/537.36 (KHTML, like Gecko) Chrome/70.0.3538.77 Safari/537.36',
  'dnt' => '1',
  'accept' => '*/*',
  'referer' => 'http://kwok.com/',
  'accept-encoding' => 'gzip, deflate',
  'accept-language' => 'zh,en;q=0.9,zh-TW;q=0.8,zh-CN;q=0.7',
  'cookie' => 'pgv_pvi=7880343552; OUTFOX_SEARCH_USER_ID_NCOO=1262556674.9797127',
)
[ info ] [ PARAM ] array (
  'chart' => 'flot-chart-pie.js',
)
[ info ] [ LOG ] INIT File
---------------------------------------------------------------
[ 2018-11-02T10:09:49+08:00 ] 0.0.0.0 GET /static/index/js/easypiechart/easypiechart-plugin.js
[ info ] kwok.com/static/index/js/easypiechart/easypiechart-plugin.js [运行时间：0.076447s][吞吐率：13.08req/s] [内存消耗：1,027.58kb] [文件加载：29]
[ info ] [ LANG ] /Users/Kwok/git/kwok/thinkphp/lang/zh-cn.php
[ info ] [ ROUTE ] array (
  'type' => 'module',
  'module' => 
  array (
    0 => 'static',
    1 => 'index',
    2 => 'js',
  ),
)
[ info ] [ HEADER ] array (
  'host' => 'kwok.com',
  'connection' => 'keep-alive',
  'user-agent' => 'Mozilla/5.0 (Macintosh; Intel Mac OS X 10_11_4) AppleWebKit/537.36 (KHTML, like Gecko) Chrome/70.0.3538.77 Safari/537.36',
  'dnt' => '1',
  'accept' => '*/*',
  'referer' => 'http://kwok.com/',
  'accept-encoding' => 'gzip, deflate',
  'accept-language' => 'zh,en;q=0.9,zh-TW;q=0.8,zh-CN;q=0.7',
  'cookie' => 'pgv_pvi=7880343552; OUTFOX_SEARCH_USER_ID_NCOO=1262556674.9797127',
)
[ info ] [ PARAM ] array (
  'easypiechart' => 'easypiechart-plugin.js',
)
[ info ] [ LOG ] INIT File
---------------------------------------------------------------
[ 2018-11-02T10:09:49+08:00 ] 0.0.0.0 GET /static/index/js/sparkline/sparkline-plugin.js
[ info ] kwok.com/static/index/js/sparkline/sparkline-plugin.js [运行时间：0.068793s][吞吐率：14.54req/s] [内存消耗：1,027.50kb] [文件加载：29]
[ info ] [ LANG ] /Users/Kwok/git/kwok/thinkphp/lang/zh-cn.php
[ info ] [ ROUTE ] array (
  'type' => 'module',
  'module' => 
  array (
    0 => 'static',
    1 => 'index',
    2 => 'js',
  ),
)
[ info ] [ HEADER ] array (
  'host' => 'kwok.com',
  'connection' => 'keep-alive',
  'user-agent' => 'Mozilla/5.0 (Macintosh; Intel Mac OS X 10_11_4) AppleWebKit/537.36 (KHTML, like Gecko) Chrome/70.0.3538.77 Safari/537.36',
  'dnt' => '1',
  'accept' => '*/*',
  'referer' => 'http://kwok.com/',
  'accept-encoding' => 'gzip, deflate',
  'accept-language' => 'zh,en;q=0.9,zh-TW;q=0.8,zh-CN;q=0.7',
  'cookie' => 'pgv_pvi=7880343552; OUTFOX_SEARCH_USER_ID_NCOO=1262556674.9797127',
)
[ info ] [ PARAM ] array (
  'sparkline' => 'sparkline-plugin.js',
)
[ info ] [ LOG ] INIT File
---------------------------------------------------------------
[ 2018-11-02T10:09:49+08:00 ] 0.0.0.0 GET /static/index/js/rickshaw/rickshaw.js
[ info ] kwok.com/static/index/js/rickshaw/rickshaw.js [运行时间：0.063725s][吞吐率：15.69req/s] [内存消耗：1,027.30kb] [文件加载：29]
[ info ] [ LANG ] /Users/Kwok/git/kwok/thinkphp/lang/zh-cn.php
[ info ] [ ROUTE ] array (
  'type' => 'module',
  'module' => 
  array (
    0 => 'static',
    1 => 'index',
    2 => 'js',
  ),
)
[ info ] [ HEADER ] array (
  'host' => 'kwok.com',
  'connection' => 'keep-alive',
  'user-agent' => 'Mozilla/5.0 (Macintosh; Intel Mac OS X 10_11_4) AppleWebKit/537.36 (KHTML, like Gecko) Chrome/70.0.3538.77 Safari/537.36',
  'dnt' => '1',
  'accept' => '*/*',
  'referer' => 'http://kwok.com/',
  'accept-encoding' => 'gzip, deflate',
  'accept-language' => 'zh,en;q=0.9,zh-TW;q=0.8,zh-CN;q=0.7',
  'cookie' => 'pgv_pvi=7880343552; OUTFOX_SEARCH_USER_ID_NCOO=1262556674.9797127',
)
[ info ] [ PARAM ] array (
  'rickshaw' => 'rickshaw.js',
)
[ info ] [ LOG ] INIT File
---------------------------------------------------------------
[ 2018-11-02T10:09:49+08:00 ] 0.0.0.0 GET /static/index/js/sparkline/sparkline.js
[ info ] kwok.com/static/index/js/sparkline/sparkline.js [运行时间：0.088324s][吞吐率：11.32req/s] [内存消耗：1,027.30kb] [文件加载：29]
[ info ] [ LANG ] /Users/Kwok/git/kwok/thinkphp/lang/zh-cn.php
[ info ] [ ROUTE ] array (
  'type' => 'module',
  'module' => 
  array (
    0 => 'static',
    1 => 'index',
    2 => 'js',
  ),
)
[ info ] [ HEADER ] array (
  'host' => 'kwok.com',
  'connection' => 'keep-alive',
  'user-agent' => 'Mozilla/5.0 (Macintosh; Intel Mac OS X 10_11_4) AppleWebKit/537.36 (KHTML, like Gecko) Chrome/70.0.3538.77 Safari/537.36',
  'dnt' => '1',
  'accept' => '*/*',
  'referer' => 'http://kwok.com/',
  'accept-encoding' => 'gzip, deflate',
  'accept-language' => 'zh,en;q=0.9,zh-TW;q=0.8,zh-CN;q=0.7',
  'cookie' => 'pgv_pvi=7880343552; OUTFOX_SEARCH_USER_ID_NCOO=1262556674.9797127',
)
[ info ] [ PARAM ] array (
  'sparkline' => 'sparkline.js',
)
[ info ] [ LOG ] INIT File
---------------------------------------------------------------
[ 2018-11-02T10:09:49+08:00 ] 0.0.0.0 GET /static/index/js/moment/moment.min.js
[ info ] kwok.com/static/index/js/moment/moment.min.js [运行时间：0.059904s][吞吐率：16.69req/s] [内存消耗：1,027.30kb] [文件加载：29]
[ info ] [ LANG ] /Users/Kwok/git/kwok/thinkphp/lang/zh-cn.php
[ info ] [ ROUTE ] array (
  'type' => 'module',
  'module' => 
  array (
    0 => 'static',
    1 => 'index',
    2 => 'js',
  ),
)
[ info ] [ HEADER ] array (
  'host' => 'kwok.com',
  'connection' => 'keep-alive',
  'user-agent' => 'Mozilla/5.0 (Macintosh; Intel Mac OS X 10_11_4) AppleWebKit/537.36 (KHTML, like Gecko) Chrome/70.0.3538.77 Safari/537.36',
  'dnt' => '1',
  'accept' => '*/*',
  'referer' => 'http://kwok.com/',
  'accept-encoding' => 'gzip, deflate',
  'accept-language' => 'zh,en;q=0.9,zh-TW;q=0.8,zh-CN;q=0.7',
  'cookie' => 'pgv_pvi=7880343552; OUTFOX_SEARCH_USER_ID_NCOO=1262556674.9797127',
)
[ info ] [ PARAM ] array (
  'moment' => 'moment.min.js',
)
[ info ] [ LOG ] INIT File
---------------------------------------------------------------
[ 2018-11-02T10:09:49+08:00 ] 0.0.0.0 GET /static/index/js/rickshaw/rickshaw-plugin.js
[ info ] kwok.com/static/index/js/rickshaw/rickshaw-plugin.js [运行时间：0.068453s][吞吐率：14.61req/s] [内存消耗：1,027.47kb] [文件加载：29]
[ info ] [ LANG ] /Users/Kwok/git/kwok/thinkphp/lang/zh-cn.php
[ info ] [ ROUTE ] array (
  'type' => 'module',
  'module' => 
  array (
    0 => 'static',
    1 => 'index',
    2 => 'js',
  ),
)
[ info ] [ HEADER ] array (
  'host' => 'kwok.com',
  'connection' => 'keep-alive',
  'user-agent' => 'Mozilla/5.0 (Macintosh; Intel Mac OS X 10_11_4) AppleWebKit/537.36 (KHTML, like Gecko) Chrome/70.0.3538.77 Safari/537.36',
  'dnt' => '1',
  'accept' => '*/*',
  'referer' => 'http://kwok.com/',
  'accept-encoding' => 'gzip, deflate',
  'accept-language' => 'zh,en;q=0.9,zh-TW;q=0.8,zh-CN;q=0.7',
  'cookie' => 'pgv_pvi=7880343552; OUTFOX_SEARCH_USER_ID_NCOO=1262556674.9797127',
)
[ info ] [ PARAM ] array (
  'rickshaw' => 'rickshaw-plugin.js',
)
[ info ] [ LOG ] INIT File
---------------------------------------------------------------
[ 2018-11-02T10:09:49+08:00 ] 0.0.0.0 GET /static/index/js/rickshaw/d3.v3.js
[ info ] kwok.com/static/index/js/rickshaw/d3.v3.js [运行时间：0.087063s][吞吐率：11.49req/s] [内存消耗：1,027.30kb] [文件加载：29]
[ info ] [ LANG ] /Users/Kwok/git/kwok/thinkphp/lang/zh-cn.php
[ info ] [ ROUTE ] array (
  'type' => 'module',
  'module' => 
  array (
    0 => 'static',
    1 => 'index',
    2 => 'js',
  ),
)
[ info ] [ HEADER ] array (
  'host' => 'kwok.com',
  'connection' => 'keep-alive',
  'user-agent' => 'Mozilla/5.0 (Macintosh; Intel Mac OS X 10_11_4) AppleWebKit/537.36 (KHTML, like Gecko) Chrome/70.0.3538.77 Safari/537.36',
  'dnt' => '1',
  'accept' => '*/*',
  'referer' => 'http://kwok.com/',
  'accept-encoding' => 'gzip, deflate',
  'accept-language' => 'zh,en;q=0.9,zh-TW;q=0.8,zh-CN;q=0.7',
  'cookie' => 'pgv_pvi=7880343552; OUTFOX_SEARCH_USER_ID_NCOO=1262556674.9797127',
)
[ info ] [ PARAM ] array (
  'rickshaw' => 'd3.v3.js',
)
[ info ] [ LOG ] INIT File
---------------------------------------------------------------
[ 2018-11-02T10:09:49+08:00 ] 0.0.0.0 GET /static/index/img/profileimg2.png
[ info ] kwok.com/static/index/img/profileimg2.png [运行时间：0.097095s][吞吐率：10.30req/s] [内存消耗：1,026.79kb] [文件加载：29]
[ info ] [ LANG ] /Users/Kwok/git/kwok/thinkphp/lang/zh-cn.php
[ info ] [ ROUTE ] array (
  'type' => 'module',
  'module' => 
  array (
    0 => 'static',
    1 => 'index',
    2 => 'img',
  ),
)
[ info ] [ HEADER ] array (
  'host' => 'kwok.com',
  'connection' => 'keep-alive',
  'user-agent' => 'Mozilla/5.0 (Macintosh; Intel Mac OS X 10_11_4) AppleWebKit/537.36 (KHTML, like Gecko) Chrome/70.0.3538.77 Safari/537.36',
  'dnt' => '1',
  'accept' => 'image/webp,image/apng,image/*,*/*;q=0.8',
  'referer' => 'http://kwok.com/',
  'accept-encoding' => 'gzip, deflate',
  'accept-language' => 'zh,en;q=0.9,zh-TW;q=0.8,zh-CN;q=0.7',
  'cookie' => 'pgv_pvi=7880343552; OUTFOX_SEARCH_USER_ID_NCOO=1262556674.9797127',
)
[ info ] [ PARAM ] array (
)
[ info ] [ LOG ] INIT File
---------------------------------------------------------------
[ 2018-11-02T10:09:49+08:00 ] 0.0.0.0 GET /static/index/img/profileimg3.png
[ info ] kwok.com/static/index/img/profileimg3.png [运行时间：0.084285s][吞吐率：11.86req/s] [内存消耗：1,026.79kb] [文件加载：29]
[ info ] [ LANG ] /Users/Kwok/git/kwok/thinkphp/lang/zh-cn.php
[ info ] [ ROUTE ] array (
  'type' => 'module',
  'module' => 
  array (
    0 => 'static',
    1 => 'index',
    2 => 'img',
  ),
)
[ info ] [ HEADER ] array (
  'host' => 'kwok.com',
  'connection' => 'keep-alive',
  'user-agent' => 'Mozilla/5.0 (Macintosh; Intel Mac OS X 10_11_4) AppleWebKit/537.36 (KHTML, like Gecko) Chrome/70.0.3538.77 Safari/537.36',
  'dnt' => '1',
  'accept' => 'image/webp,image/apng,image/*,*/*;q=0.8',
  'referer' => 'http://kwok.com/',
  'accept-encoding' => 'gzip, deflate',
  'accept-language' => 'zh,en;q=0.9,zh-TW;q=0.8,zh-CN;q=0.7',
  'cookie' => 'pgv_pvi=7880343552; OUTFOX_SEARCH_USER_ID_NCOO=1262556674.9797127',
)
[ info ] [ PARAM ] array (
)
[ info ] [ LOG ] INIT File
---------------------------------------------------------------
[ 2018-11-02T10:09:49+08:00 ] 0.0.0.0 GET /static/index/img/profileimg4.png
[ info ] kwok.com/static/index/img/profileimg4.png [运行时间：0.067756s][吞吐率：14.76req/s] [内存消耗：1,026.79kb] [文件加载：29]
[ info ] [ LANG ] /Users/Kwok/git/kwok/thinkphp/lang/zh-cn.php
[ info ] [ ROUTE ] array (
  'type' => 'module',
  'module' => 
  array (
    0 => 'static',
    1 => 'index',
    2 => 'img',
  ),
)
[ info ] [ HEADER ] array (
  'host' => 'kwok.com',
  'connection' => 'keep-alive',
  'user-agent' => 'Mozilla/5.0 (Macintosh; Intel Mac OS X 10_11_4) AppleWebKit/537.36 (KHTML, like Gecko) Chrome/70.0.3538.77 Safari/537.36',
  'dnt' => '1',
  'accept' => 'image/webp,image/apng,image/*,*/*;q=0.8',
  'referer' => 'http://kwok.com/',
  'accept-encoding' => 'gzip, deflate',
  'accept-language' => 'zh,en;q=0.9,zh-TW;q=0.8,zh-CN;q=0.7',
  'cookie' => 'pgv_pvi=7880343552; OUTFOX_SEARCH_USER_ID_NCOO=1262556674.9797127',
)
[ info ] [ PARAM ] array (
)
[ info ] [ LOG ] INIT File
---------------------------------------------------------------
[ 2018-11-02T10:09:49+08:00 ] 0.0.0.0 GET /static/index/img/profileimg5.png
[ info ] kwok.com/static/index/img/profileimg5.png [运行时间：0.067189s][吞吐率：14.88req/s] [内存消耗：1,026.79kb] [文件加载：29]
[ info ] [ LANG ] /Users/Kwok/git/kwok/thinkphp/lang/zh-cn.php
[ info ] [ ROUTE ] array (
  'type' => 'module',
  'module' => 
  array (
    0 => 'static',
    1 => 'index',
    2 => 'img',
  ),
)
[ info ] [ HEADER ] array (
  'host' => 'kwok.com',
  'connection' => 'keep-alive',
  'user-agent' => 'Mozilla/5.0 (Macintosh; Intel Mac OS X 10_11_4) AppleWebKit/537.36 (KHTML, like Gecko) Chrome/70.0.3538.77 Safari/537.36',
  'dnt' => '1',
  'accept' => 'image/webp,image/apng,image/*,*/*;q=0.8',
  'referer' => 'http://kwok.com/',
  'accept-encoding' => 'gzip, deflate',
  'accept-language' => 'zh,en;q=0.9,zh-TW;q=0.8,zh-CN;q=0.7',
  'cookie' => 'pgv_pvi=7880343552; OUTFOX_SEARCH_USER_ID_NCOO=1262556674.9797127',
)
[ info ] [ PARAM ] array (
)
[ info ] [ LOG ] INIT File
---------------------------------------------------------------
[ 2018-11-02T10:09:49+08:00 ] 0.0.0.0 GET /static/index/img/profileimg6.png
[ info ] kwok.com/static/index/img/profileimg6.png [运行时间：0.057085s][吞吐率：17.52req/s] [内存消耗：1,026.79kb] [文件加载：29]
[ info ] [ LANG ] /Users/Kwok/git/kwok/thinkphp/lang/zh-cn.php
[ info ] [ ROUTE ] array (
  'type' => 'module',
  'module' => 
  array (
    0 => 'static',
    1 => 'index',
    2 => 'img',
  ),
)
[ info ] [ HEADER ] array (
  'host' => 'kwok.com',
  'connection' => 'keep-alive',
  'user-agent' => 'Mozilla/5.0 (Macintosh; Intel Mac OS X 10_11_4) AppleWebKit/537.36 (KHTML, like Gecko) Chrome/70.0.3538.77 Safari/537.36',
  'dnt' => '1',
  'accept' => 'image/webp,image/apng,image/*,*/*;q=0.8',
  'referer' => 'http://kwok.com/',
  'accept-encoding' => 'gzip, deflate',
  'accept-language' => 'zh,en;q=0.9,zh-TW;q=0.8,zh-CN;q=0.7',
  'cookie' => 'pgv_pvi=7880343552; OUTFOX_SEARCH_USER_ID_NCOO=1262556674.9797127',
)
[ info ] [ PARAM ] array (
)
[ info ] [ LOG ] INIT File
---------------------------------------------------------------
[ 2018-11-02T10:09:49+08:00 ] 0.0.0.0 GET /static/index/img/example1.jpg
[ info ] kwok.com/static/index/img/example1.jpg [运行时间：0.078442s][吞吐率：12.75req/s] [内存消耗：1,026.69kb] [文件加载：29]
[ info ] [ LANG ] /Users/Kwok/git/kwok/thinkphp/lang/zh-cn.php
[ info ] [ ROUTE ] array (
  'type' => 'module',
  'module' => 
  array (
    0 => 'static',
    1 => 'index',
    2 => 'img',
  ),
)
[ info ] [ HEADER ] array (
  'host' => 'kwok.com',
  'connection' => 'keep-alive',
  'user-agent' => 'Mozilla/5.0 (Macintosh; Intel Mac OS X 10_11_4) AppleWebKit/537.36 (KHTML, like Gecko) Chrome/70.0.3538.77 Safari/537.36',
  'dnt' => '1',
  'accept' => 'image/webp,image/apng,image/*,*/*;q=0.8',
  'referer' => 'http://kwok.com/',
  'accept-encoding' => 'gzip, deflate',
  'accept-language' => 'zh,en;q=0.9,zh-TW;q=0.8,zh-CN;q=0.7',
  'cookie' => 'pgv_pvi=7880343552; OUTFOX_SEARCH_USER_ID_NCOO=1262556674.9797127',
)
[ info ] [ PARAM ] array (
)
[ info ] [ LOG ] INIT File
---------------------------------------------------------------
[ 2018-11-02T10:09:49+08:00 ] 0.0.0.0 GET /static/index/js/bootstrap/bootstrap.min.js
[ info ] kwok.com/static/index/js/bootstrap/bootstrap.min.js [运行时间：0.031564s][吞吐率：31.68req/s] [内存消耗：1,027.47kb] [文件加载：29]
[ info ] [ LANG ] /Users/Kwok/git/kwok/thinkphp/lang/zh-cn.php
[ info ] [ ROUTE ] array (
  'type' => 'module',
  'module' => 
  array (
    0 => 'static',
    1 => 'index',
    2 => 'js',
  ),
)
[ info ] [ HEADER ] array (
  'host' => 'kwok.com',
  'connection' => 'keep-alive',
  'user-agent' => 'Mozilla/5.0 (Macintosh; Intel Mac OS X 10_11_4) AppleWebKit/537.36 (KHTML, like Gecko) Chrome/70.0.3538.77 Safari/537.36',
  'dnt' => '1',
  'accept' => '*/*',
  'referer' => 'http://kwok.com/',
  'accept-encoding' => 'gzip, deflate',
  'accept-language' => 'zh,en;q=0.9,zh-TW;q=0.8,zh-CN;q=0.7',
  'cookie' => 'pgv_pvi=7880343552; OUTFOX_SEARCH_USER_ID_NCOO=1262556674.9797127',
)
[ info ] [ PARAM ] array (
  'bootstrap' => 'bootstrap.min.js',
)
[ info ] [ LOG ] INIT File
---------------------------------------------------------------
[ 2018-11-02T10:09:49+08:00 ] 0.0.0.0 GET /static/index/js/plugins.js
[ info ] kwok.com/static/index/js/plugins.js [运行时间：0.027263s][吞吐率：36.68req/s] [内存消耗：1,026.19kb] [文件加载：29]
[ info ] [ LANG ] /Users/Kwok/git/kwok/thinkphp/lang/zh-cn.php
[ info ] [ ROUTE ] array (
  'type' => 'module',
  'module' => 
  array (
    0 => 'static',
    1 => 'index',
    2 => 'js',
  ),
)
[ info ] [ HEADER ] array (
  'host' => 'kwok.com',
  'connection' => 'keep-alive',
  'user-agent' => 'Mozilla/5.0 (Macintosh; Intel Mac OS X 10_11_4) AppleWebKit/537.36 (KHTML, like Gecko) Chrome/70.0.3538.77 Safari/537.36',
  'dnt' => '1',
  'accept' => '*/*',
  'referer' => 'http://kwok.com/',
  'accept-encoding' => 'gzip, deflate',
  'accept-language' => 'zh,en;q=0.9,zh-TW;q=0.8,zh-CN;q=0.7',
  'cookie' => 'pgv_pvi=7880343552; OUTFOX_SEARCH_USER_ID_NCOO=1262556674.9797127',
)
[ info ] [ PARAM ] array (
)
[ info ] [ LOG ] INIT File
---------------------------------------------------------------
[ 2018-11-02T10:09:49+08:00 ] 0.0.0.0 GET /static/index/js/bootstrap-select/bootstrap-select.js
[ info ] kwok.com/static/index/js/bootstrap-select/bootstrap-select.js [运行时间：0.041323s][吞吐率：24.20req/s] [内存消耗：1,027.57kb] [文件加载：29]
[ info ] [ LANG ] /Users/Kwok/git/kwok/thinkphp/lang/zh-cn.php
[ info ] [ ROUTE ] array (
  'type' => 'module',
  'module' => 
  array (
    0 => 'static',
    1 => 'index',
    2 => 'js',
  ),
)
[ info ] [ HEADER ] array (
  'host' => 'kwok.com',
  'connection' => 'keep-alive',
  'user-agent' => 'Mozilla/5.0 (Macintosh; Intel Mac OS X 10_11_4) AppleWebKit/537.36 (KHTML, like Gecko) Chrome/70.0.3538.77 Safari/537.36',
  'dnt' => '1',
  'accept' => '*/*',
  'referer' => 'http://kwok.com/',
  'accept-encoding' => 'gzip, deflate',
  'accept-language' => 'zh,en;q=0.9,zh-TW;q=0.8,zh-CN;q=0.7',
  'cookie' => 'pgv_pvi=7880343552; OUTFOX_SEARCH_USER_ID_NCOO=1262556674.9797127',
)
[ info ] [ PARAM ] array (
  'select' => 'bootstrap-select.js',
)
[ info ] [ LOG ] INIT File
---------------------------------------------------------------
[ 2018-11-02T10:09:49+08:00 ] 0.0.0.0 GET /static/index/js/bootstrap-toggle/bootstrap-toggle.min.js
[ info ] kwok.com/static/index/js/bootstrap-toggle/bootstrap-toggle.min.js [运行时间：0.034190s][吞吐率：29.25req/s] [内存消耗：1,027.68kb] [文件加载：29]
[ info ] [ LANG ] /Users/Kwok/git/kwok/thinkphp/lang/zh-cn.php
[ info ] [ ROUTE ] array (
  'type' => 'module',
  'module' => 
  array (
    0 => 'static',
    1 => 'index',
    2 => 'js',
  ),
)
[ info ] [ HEADER ] array (
  'host' => 'kwok.com',
  'connection' => 'keep-alive',
  'user-agent' => 'Mozilla/5.0 (Macintosh; Intel Mac OS X 10_11_4) AppleWebKit/537.36 (KHTML, like Gecko) Chrome/70.0.3538.77 Safari/537.36',
  'dnt' => '1',
  'accept' => '*/*',
  'referer' => 'http://kwok.com/',
  'accept-encoding' => 'gzip, deflate',
  'accept-language' => 'zh,en;q=0.9,zh-TW;q=0.8,zh-CN;q=0.7',
  'cookie' => 'pgv_pvi=7880343552; OUTFOX_SEARCH_USER_ID_NCOO=1262556674.9797127',
)
[ info ] [ PARAM ] array (
  'toggle' => 'bootstrap-toggle.min.js',
)
[ info ] [ LOG ] INIT File
---------------------------------------------------------------
[ 2018-11-02T10:09:49+08:00 ] 0.0.0.0 GET /static/index/js/flot-chart/flot-chart.js
[ info ] kwok.com/static/index/js/flot-chart/flot-chart.js [运行时间：0.031570s][吞吐率：31.68req/s] [内存消耗：1,027.44kb] [文件加载：29]
[ info ] [ LANG ] /Users/Kwok/git/kwok/thinkphp/lang/zh-cn.php
[ info ] [ ROUTE ] array (
  'type' => 'module',
  'module' => 
  array (
    0 => 'static',
    1 => 'index',
    2 => 'js',
  ),
)
[ info ] [ HEADER ] array (
  'host' => 'kwok.com',
  'connection' => 'keep-alive',
  'user-agent' => 'Mozilla/5.0 (Macintosh; Intel Mac OS X 10_11_4) AppleWebKit/537.36 (KHTML, like Gecko) Chrome/70.0.3538.77 Safari/537.36',
  'dnt' => '1',
  'accept' => '*/*',
  'referer' => 'http://kwok.com/',
  'accept-encoding' => 'gzip, deflate',
  'accept-language' => 'zh,en;q=0.9,zh-TW;q=0.8,zh-CN;q=0.7',
  'cookie' => 'pgv_pvi=7880343552; OUTFOX_SEARCH_USER_ID_NCOO=1262556674.9797127',
)
[ info ] [ PARAM ] array (
  'chart' => 'flot-chart.js',
)
[ info ] [ LOG ] INIT File
---------------------------------------------------------------
[ 2018-11-02T10:09:49+08:00 ] 0.0.0.0 GET /static/index/js/flot-chart/flot-chart-time.js
[ info ] kwok.com/static/index/js/flot-chart/flot-chart-time.js [运行时间：0.033331s][吞吐率：30.00req/s] [内存消耗：1,027.48kb] [文件加载：29]
[ info ] [ LANG ] /Users/Kwok/git/kwok/thinkphp/lang/zh-cn.php
[ info ] [ ROUTE ] array (
  'type' => 'module',
  'module' => 
  array (
    0 => 'static',
    1 => 'index',
    2 => 'js',
  ),
)
[ info ] [ HEADER ] array (
  'host' => 'kwok.com',
  'connection' => 'keep-alive',
  'user-agent' => 'Mozilla/5.0 (Macintosh; Intel Mac OS X 10_11_4) AppleWebKit/537.36 (KHTML, like Gecko) Chrome/70.0.3538.77 Safari/537.36',
  'dnt' => '1',
  'accept' => '*/*',
  'referer' => 'http://kwok.com/',
  'accept-encoding' => 'gzip, deflate',
  'accept-language' => 'zh,en;q=0.9,zh-TW;q=0.8,zh-CN;q=0.7',
  'cookie' => 'pgv_pvi=7880343552; OUTFOX_SEARCH_USER_ID_NCOO=1262556674.9797127',
)
[ info ] [ PARAM ] array (
  'chart' => 'flot-chart-time.js',
)
[ info ] [ LOG ] INIT File
---------------------------------------------------------------
[ 2018-11-02T10:09:49+08:00 ] 0.0.0.0 GET /static/index/js/flot-chart/flot-chart-stack.js
[ info ] kwok.com/static/index/js/flot-chart/flot-chart-stack.js [运行时间：0.027760s][吞吐率：36.02req/s] [内存消耗：1,027.48kb] [文件加载：29]
[ info ] [ LANG ] /Users/Kwok/git/kwok/thinkphp/lang/zh-cn.php
[ info ] [ ROUTE ] array (
  'type' => 'module',
  'module' => 
  array (
    0 => 'static',
    1 => 'index',
    2 => 'js',
  ),
)
[ info ] [ HEADER ] array (
  'host' => 'kwok.com',
  'connection' => 'keep-alive',
  'user-agent' => 'Mozilla/5.0 (Macintosh; Intel Mac OS X 10_11_4) AppleWebKit/537.36 (KHTML, like Gecko) Chrome/70.0.3538.77 Safari/537.36',
  'dnt' => '1',
  'accept' => '*/*',
  'referer' => 'http://kwok.com/',
  'accept-encoding' => 'gzip, deflate',
  'accept-language' => 'zh,en;q=0.9,zh-TW;q=0.8,zh-CN;q=0.7',
  'cookie' => 'pgv_pvi=7880343552; OUTFOX_SEARCH_USER_ID_NCOO=1262556674.9797127',
)
[ info ] [ PARAM ] array (
  'chart' => 'flot-chart-stack.js',
)
[ info ] [ LOG ] INIT File
---------------------------------------------------------------
[ 2018-11-02T10:09:49+08:00 ] 0.0.0.0 GET /static/index/js/flot-chart/flot-chart-pie.js
[ info ] kwok.com/static/index/js/flot-chart/flot-chart-pie.js [运行时间：0.027336s][吞吐率：36.58req/s] [内存消耗：1,027.45kb] [文件加载：29]
[ info ] [ LANG ] /Users/Kwok/git/kwok/thinkphp/lang/zh-cn.php
[ info ] [ ROUTE ] array (
  'type' => 'module',
  'module' => 
  array (
    0 => 'static',
    1 => 'index',
    2 => 'js',
  ),
)
[ info ] [ HEADER ] array (
  'host' => 'kwok.com',
  'connection' => 'keep-alive',
  'user-agent' => 'Mozilla/5.0 (Macintosh; Intel Mac OS X 10_11_4) AppleWebKit/537.36 (KHTML, like Gecko) Chrome/70.0.3538.77 Safari/537.36',
  'dnt' => '1',
  'accept' => '*/*',
  'referer' => 'http://kwok.com/',
  'accept-encoding' => 'gzip, deflate',
  'accept-language' => 'zh,en;q=0.9,zh-TW;q=0.8,zh-CN;q=0.7',
  'cookie' => 'pgv_pvi=7880343552; OUTFOX_SEARCH_USER_ID_NCOO=1262556674.9797127',
)
[ info ] [ PARAM ] array (
  'chart' => 'flot-chart-pie.js',
)
[ info ] [ LOG ] INIT File
---------------------------------------------------------------
[ 2018-11-02T10:09:49+08:00 ] 0.0.0.0 GET /static/index/js/flot-chart/flot-chart-plugin.js
[ info ] kwok.com/static/index/js/flot-chart/flot-chart-plugin.js [运行时间：0.032420s][吞吐率：30.85req/s] [内存消耗：1,027.51kb] [文件加载：29]
[ info ] [ LANG ] /Users/Kwok/git/kwok/thinkphp/lang/zh-cn.php
[ info ] [ ROUTE ] array (
  'type' => 'module',
  'module' => 
  array (
    0 => 'static',
    1 => 'index',
    2 => 'js',
  ),
)
[ info ] [ HEADER ] array (
  'host' => 'kwok.com',
  'connection' => 'keep-alive',
  'user-agent' => 'Mozilla/5.0 (Macintosh; Intel Mac OS X 10_11_4) AppleWebKit/537.36 (KHTML, like Gecko) Chrome/70.0.3538.77 Safari/537.36',
  'dnt' => '1',
  'accept' => '*/*',
  'referer' => 'http://kwok.com/',
  'accept-encoding' => 'gzip, deflate',
  'accept-language' => 'zh,en;q=0.9,zh-TW;q=0.8,zh-CN;q=0.7',
  'cookie' => 'pgv_pvi=7880343552; OUTFOX_SEARCH_USER_ID_NCOO=1262556674.9797127',
)
[ info ] [ PARAM ] array (
  'chart' => 'flot-chart-plugin.js',
)
[ info ] [ LOG ] INIT File
---------------------------------------------------------------
[ 2018-11-02T10:09:49+08:00 ] 0.0.0.0 GET /static/index/js/easypiechart/easypiechart.js
[ info ] kwok.com/static/index/js/easypiechart/easypiechart.js [运行时间：0.032737s][吞吐率：30.55req/s] [内存消耗：1,027.46kb] [文件加载：29]
[ info ] [ LANG ] /Users/Kwok/git/kwok/thinkphp/lang/zh-cn.php
[ info ] [ ROUTE ] array (
  'type' => 'module',
  'module' => 
  array (
    0 => 'static',
    1 => 'index',
    2 => 'js',
  ),
)
[ info ] [ HEADER ] array (
  'host' => 'kwok.com',
  'connection' => 'keep-alive',
  'user-agent' => 'Mozilla/5.0 (Macintosh; Intel Mac OS X 10_11_4) AppleWebKit/537.36 (KHTML, like Gecko) Chrome/70.0.3538.77 Safari/537.36',
  'dnt' => '1',
  'accept' => '*/*',
  'referer' => 'http://kwok.com/',
  'accept-encoding' => 'gzip, deflate',
  'accept-language' => 'zh,en;q=0.9,zh-TW;q=0.8,zh-CN;q=0.7',
  'cookie' => 'pgv_pvi=7880343552; OUTFOX_SEARCH_USER_ID_NCOO=1262556674.9797127',
)
[ info ] [ PARAM ] array (
  'easypiechart' => 'easypiechart.js',
)
[ info ] [ LOG ] INIT File
---------------------------------------------------------------
[ 2018-11-02T10:09:49+08:00 ] 0.0.0.0 GET /static/index/js/easypiechart/easypiechart-plugin.js
[ info ] kwok.com/static/index/js/easypiechart/easypiechart-plugin.js [运行时间：0.026358s][吞吐率：37.94req/s] [内存消耗：1,027.58kb] [文件加载：29]
[ info ] [ LANG ] /Users/Kwok/git/kwok/thinkphp/lang/zh-cn.php
[ info ] [ ROUTE ] array (
  'type' => 'module',
  'module' => 
  array (
    0 => 'static',
    1 => 'index',
    2 => 'js',
  ),
)
[ info ] [ HEADER ] array (
  'host' => 'kwok.com',
  'connection' => 'keep-alive',
  'user-agent' => 'Mozilla/5.0 (Macintosh; Intel Mac OS X 10_11_4) AppleWebKit/537.36 (KHTML, like Gecko) Chrome/70.0.3538.77 Safari/537.36',
  'dnt' => '1',
  'accept' => '*/*',
  'referer' => 'http://kwok.com/',
  'accept-encoding' => 'gzip, deflate',
  'accept-language' => 'zh,en;q=0.9,zh-TW;q=0.8,zh-CN;q=0.7',
  'cookie' => 'pgv_pvi=7880343552; OUTFOX_SEARCH_USER_ID_NCOO=1262556674.9797127',
)
[ info ] [ PARAM ] array (
  'easypiechart' => 'easypiechart-plugin.js',
)
[ info ] [ LOG ] INIT File
---------------------------------------------------------------
[ 2018-11-02T10:09:49+08:00 ] 0.0.0.0 GET /static/index/js/sparkline/sparkline.js
[ info ] kwok.com/static/index/js/sparkline/sparkline.js [运行时间：0.032668s][吞吐率：30.61req/s] [内存消耗：1,027.30kb] [文件加载：29]
[ info ] [ LANG ] /Users/Kwok/git/kwok/thinkphp/lang/zh-cn.php
[ info ] [ ROUTE ] array (
  'type' => 'module',
  'module' => 
  array (
    0 => 'static',
    1 => 'index',
    2 => 'js',
  ),
)
[ info ] [ HEADER ] array (
  'host' => 'kwok.com',
  'connection' => 'keep-alive',
  'user-agent' => 'Mozilla/5.0 (Macintosh; Intel Mac OS X 10_11_4) AppleWebKit/537.36 (KHTML, like Gecko) Chrome/70.0.3538.77 Safari/537.36',
  'dnt' => '1',
  'accept' => '*/*',
  'referer' => 'http://kwok.com/',
  'accept-encoding' => 'gzip, deflate',
  'accept-language' => 'zh,en;q=0.9,zh-TW;q=0.8,zh-CN;q=0.7',
  'cookie' => 'pgv_pvi=7880343552; OUTFOX_SEARCH_USER_ID_NCOO=1262556674.9797127',
)
[ info ] [ PARAM ] array (
  'sparkline' => 'sparkline.js',
)
[ info ] [ LOG ] INIT File
---------------------------------------------------------------
[ 2018-11-02T10:09:50+08:00 ] 0.0.0.0 GET /static/index/js/sparkline/sparkline-plugin.js
[ info ] kwok.com/static/index/js/sparkline/sparkline-plugin.js [运行时间：0.029774s][吞吐率：33.59req/s] [内存消耗：1,027.50kb] [文件加载：29]
[ info ] [ LANG ] /Users/Kwok/git/kwok/thinkphp/lang/zh-cn.php
[ info ] [ ROUTE ] array (
  'type' => 'module',
  'module' => 
  array (
    0 => 'static',
    1 => 'index',
    2 => 'js',
  ),
)
[ info ] [ HEADER ] array (
  'host' => 'kwok.com',
  'connection' => 'keep-alive',
  'user-agent' => 'Mozilla/5.0 (Macintosh; Intel Mac OS X 10_11_4) AppleWebKit/537.36 (KHTML, like Gecko) Chrome/70.0.3538.77 Safari/537.36',
  'dnt' => '1',
  'accept' => '*/*',
  'referer' => 'http://kwok.com/',
  'accept-encoding' => 'gzip, deflate',
  'accept-language' => 'zh,en;q=0.9,zh-TW;q=0.8,zh-CN;q=0.7',
  'cookie' => 'pgv_pvi=7880343552; OUTFOX_SEARCH_USER_ID_NCOO=1262556674.9797127',
)
[ info ] [ PARAM ] array (
  'sparkline' => 'sparkline-plugin.js',
)
[ info ] [ LOG ] INIT File
---------------------------------------------------------------
[ 2018-11-02T10:09:50+08:00 ] 0.0.0.0 GET /static/index/js/rickshaw/d3.v3.js
[ info ] kwok.com/static/index/js/rickshaw/d3.v3.js [运行时间：0.028189s][吞吐率：35.47req/s] [内存消耗：1,027.30kb] [文件加载：29]
[ info ] [ LANG ] /Users/Kwok/git/kwok/thinkphp/lang/zh-cn.php
[ info ] [ ROUTE ] array (
  'type' => 'module',
  'module' => 
  array (
    0 => 'static',
    1 => 'index',
    2 => 'js',
  ),
)
[ info ] [ HEADER ] array (
  'host' => 'kwok.com',
  'connection' => 'keep-alive',
  'user-agent' => 'Mozilla/5.0 (Macintosh; Intel Mac OS X 10_11_4) AppleWebKit/537.36 (KHTML, like Gecko) Chrome/70.0.3538.77 Safari/537.36',
  'dnt' => '1',
  'accept' => '*/*',
  'referer' => 'http://kwok.com/',
  'accept-encoding' => 'gzip, deflate',
  'accept-language' => 'zh,en;q=0.9,zh-TW;q=0.8,zh-CN;q=0.7',
  'cookie' => 'pgv_pvi=7880343552; OUTFOX_SEARCH_USER_ID_NCOO=1262556674.9797127',
)
[ info ] [ PARAM ] array (
  'rickshaw' => 'd3.v3.js',
)
[ info ] [ LOG ] INIT File
---------------------------------------------------------------
[ 2018-11-02T10:09:50+08:00 ] 0.0.0.0 GET /static/index/js/rickshaw/rickshaw.js
[ info ] kwok.com/static/index/js/rickshaw/rickshaw.js [运行时间：0.034156s][吞吐率：29.28req/s] [内存消耗：1,027.30kb] [文件加载：29]
[ info ] [ LANG ] /Users/Kwok/git/kwok/thinkphp/lang/zh-cn.php
[ info ] [ ROUTE ] array (
  'type' => 'module',
  'module' => 
  array (
    0 => 'static',
    1 => 'index',
    2 => 'js',
  ),
)
[ info ] [ HEADER ] array (
  'host' => 'kwok.com',
  'connection' => 'keep-alive',
  'user-agent' => 'Mozilla/5.0 (Macintosh; Intel Mac OS X 10_11_4) AppleWebKit/537.36 (KHTML, like Gecko) Chrome/70.0.3538.77 Safari/537.36',
  'dnt' => '1',
  'accept' => '*/*',
  'referer' => 'http://kwok.com/',
  'accept-encoding' => 'gzip, deflate',
  'accept-language' => 'zh,en;q=0.9,zh-TW;q=0.8,zh-CN;q=0.7',
  'cookie' => 'pgv_pvi=7880343552; OUTFOX_SEARCH_USER_ID_NCOO=1262556674.9797127',
)
[ info ] [ PARAM ] array (
  'rickshaw' => 'rickshaw.js',
)
[ info ] [ LOG ] INIT File
---------------------------------------------------------------
[ 2018-11-02T10:09:50+08:00 ] 0.0.0.0 GET /static/index/js/rickshaw/rickshaw-plugin.js
[ info ] kwok.com/static/index/js/rickshaw/rickshaw-plugin.js [运行时间：0.027131s][吞吐率：36.86req/s] [内存消耗：1,027.47kb] [文件加载：29]
[ info ] [ LANG ] /Users/Kwok/git/kwok/thinkphp/lang/zh-cn.php
[ info ] [ ROUTE ] array (
  'type' => 'module',
  'module' => 
  array (
    0 => 'static',
    1 => 'index',
    2 => 'js',
  ),
)
[ info ] [ HEADER ] array (
  'host' => 'kwok.com',
  'connection' => 'keep-alive',
  'user-agent' => 'Mozilla/5.0 (Macintosh; Intel Mac OS X 10_11_4) AppleWebKit/537.36 (KHTML, like Gecko) Chrome/70.0.3538.77 Safari/537.36',
  'dnt' => '1',
  'accept' => '*/*',
  'referer' => 'http://kwok.com/',
  'accept-encoding' => 'gzip, deflate',
  'accept-language' => 'zh,en;q=0.9,zh-TW;q=0.8,zh-CN;q=0.7',
  'cookie' => 'pgv_pvi=7880343552; OUTFOX_SEARCH_USER_ID_NCOO=1262556674.9797127',
)
[ info ] [ PARAM ] array (
  'rickshaw' => 'rickshaw-plugin.js',
)
[ info ] [ LOG ] INIT File
---------------------------------------------------------------
[ 2018-11-02T10:09:50+08:00 ] 0.0.0.0 GET /static/index/js/moment/moment.min.js
[ info ] kwok.com/static/index/js/moment/moment.min.js [运行时间：0.028716s][吞吐率：34.82req/s] [内存消耗：1,027.30kb] [文件加载：29]
[ info ] [ LANG ] /Users/Kwok/git/kwok/thinkphp/lang/zh-cn.php
[ info ] [ ROUTE ] array (
  'type' => 'module',
  'module' => 
  array (
    0 => 'static',
    1 => 'index',
    2 => 'js',
  ),
)
[ info ] [ HEADER ] array (
  'host' => 'kwok.com',
  'connection' => 'keep-alive',
  'user-agent' => 'Mozilla/5.0 (Macintosh; Intel Mac OS X 10_11_4) AppleWebKit/537.36 (KHTML, like Gecko) Chrome/70.0.3538.77 Safari/537.36',
  'dnt' => '1',
  'accept' => '*/*',
  'referer' => 'http://kwok.com/',
  'accept-encoding' => 'gzip, deflate',
  'accept-language' => 'zh,en;q=0.9,zh-TW;q=0.8,zh-CN;q=0.7',
  'cookie' => 'pgv_pvi=7880343552; OUTFOX_SEARCH_USER_ID_NCOO=1262556674.9797127',
)
[ info ] [ PARAM ] array (
  'moment' => 'moment.min.js',
)
[ info ] [ LOG ] INIT File
---------------------------------------------------------------
[ 2018-11-02T10:10:02+08:00 ] 0.0.0.0 GET /static/index/css/root.css
[ info ] kwok.com/static/index/css/root.css [运行时间：0.071549s][吞吐率：13.98req/s] [内存消耗：1,026.61kb] [文件加载：29]
[ info ] [ LANG ] /Users/Kwok/git/kwok/thinkphp/lang/zh-cn.php
[ info ] [ ROUTE ] array (
  'type' => 'module',
  'module' => 
  array (
    0 => 'static',
    1 => 'index',
    2 => 'css',
  ),
)
[ info ] [ HEADER ] array (
  'host' => 'kwok.com',
  'connection' => 'keep-alive',
  'user-agent' => 'Mozilla/5.0 (Macintosh; Intel Mac OS X 10_11_4) AppleWebKit/537.36 (KHTML, like Gecko) Chrome/70.0.3538.77 Safari/537.36',
  'dnt' => '1',
  'accept' => 'text/css,*/*;q=0.1',
  'referer' => 'http://kwok.com/',
  'accept-encoding' => 'gzip, deflate',
  'accept-language' => 'zh,en;q=0.9,zh-TW;q=0.8,zh-CN;q=0.7',
  'cookie' => 'pgv_pvi=7880343552; OUTFOX_SEARCH_USER_ID_NCOO=1262556674.9797127',
)
[ info ] [ PARAM ] array (
)
[ info ] [ LOG ] INIT File
---------------------------------------------------------------
[ 2018-11-02T10:10:04+08:00 ] 0.0.0.0 GET /
[ info ] kwok.com/ [运行时间：0.041183s][吞吐率：24.28req/s] [内存消耗：1,386.17kb] [文件加载：35]
[ info ] [ LANG ] /Users/Kwok/git/kwok/thinkphp/lang/zh-cn.php
[ info ] [ ROUTE ] array (
  'type' => 'module',
  'module' => 
  array (
    0 => '',
    1 => NULL,
    2 => NULL,
  ),
)
[ info ] [ HEADER ] array (
  'host' => 'kwok.com',
  'connection' => 'keep-alive',
  'pragma' => 'no-cache',
  'cache-control' => 'no-cache',
  'upgrade-insecure-requests' => '1',
  'user-agent' => 'Mozilla/5.0 (Macintosh; Intel Mac OS X 10_11_4) AppleWebKit/537.36 (KHTML, like Gecko) Chrome/70.0.3538.77 Safari/537.36',
  'dnt' => '1',
  'accept' => 'text/html,application/xhtml+xml,application/xml;q=0.9,image/webp,image/apng,*/*;q=0.8',
  'accept-encoding' => 'gzip, deflate',
  'accept-language' => 'zh,en;q=0.9,zh-TW;q=0.8,zh-CN;q=0.7',
  'cookie' => 'pgv_pvi=7880343552; OUTFOX_SEARCH_USER_ID_NCOO=1262556674.9797127',
)
[ info ] [ PARAM ] array (
)
[ info ] [ RUN ] app\index\controller\Index->index[ /Users/Kwok/git/kwok/application/index/controller/Index.php ]
[ info ] [ VIEW ] /Users/Kwok/git/kwok/public/../application/index/view/index/index.html [ array (
) ]
[ info ] [ LOG ] INIT File
---------------------------------------------------------------
[ 2018-11-02T10:10:04+08:00 ] 0.0.0.0 GET /static/index/img/profileimg.png
[ info ] kwok.com/static/index/img/profileimg.png [运行时间：0.073921s][吞吐率：13.53req/s] [内存消耗：1,028.48kb] [文件加载：29]
[ info ] [ LANG ] /Users/Kwok/git/kwok/thinkphp/lang/zh-cn.php
[ info ] [ ROUTE ] array (
  'type' => 'module',
  'module' => 
  array (
    0 => 'static',
    1 => 'index',
    2 => 'img',
  ),
)
[ info ] [ HEADER ] array (
  'host' => 'kwok.com',
  'connection' => 'keep-alive',
  'pragma' => 'no-cache',
  'cache-control' => 'no-cache',
  'user-agent' => 'Mozilla/5.0 (Macintosh; Intel Mac OS X 10_11_4) AppleWebKit/537.36 (KHTML, like Gecko) Chrome/70.0.3538.77 Safari/537.36',
  'dnt' => '1',
  'accept' => 'image/webp,image/apng,image/*,*/*;q=0.8',
  'referer' => 'http://kwok.com/',
  'accept-encoding' => 'gzip, deflate',
  'accept-language' => 'zh,en;q=0.9,zh-TW;q=0.8,zh-CN;q=0.7',
  'cookie' => 'pgv_pvi=7880343552; OUTFOX_SEARCH_USER_ID_NCOO=1262556674.9797127',
)
[ info ] [ PARAM ] array (
)
[ info ] [ LOG ] INIT File
---------------------------------------------------------------
[ 2018-11-02T10:10:04+08:00 ] 0.0.0.0 GET /static/index/img/loading.gif
[ info ] kwok.com/static/index/img/loading.gif [运行时间：0.077857s][吞吐率：12.84req/s] [内存消耗：1,028.38kb] [文件加载：29]
[ info ] [ LANG ] /Users/Kwok/git/kwok/thinkphp/lang/zh-cn.php
[ info ] [ ROUTE ] array (
  'type' => 'module',
  'module' => 
  array (
    0 => 'static',
    1 => 'index',
    2 => 'img',
  ),
)
[ info ] [ HEADER ] array (
  'host' => 'kwok.com',
  'connection' => 'keep-alive',
  'pragma' => 'no-cache',
  'cache-control' => 'no-cache',
  'user-agent' => 'Mozilla/5.0 (Macintosh; Intel Mac OS X 10_11_4) AppleWebKit/537.36 (KHTML, like Gecko) Chrome/70.0.3538.77 Safari/537.36',
  'dnt' => '1',
  'accept' => 'image/webp,image/apng,image/*,*/*;q=0.8',
  'referer' => 'http://kwok.com/',
  'accept-encoding' => 'gzip, deflate',
  'accept-language' => 'zh,en;q=0.9,zh-TW;q=0.8,zh-CN;q=0.7',
  'cookie' => 'pgv_pvi=7880343552; OUTFOX_SEARCH_USER_ID_NCOO=1262556674.9797127',
)
[ info ] [ PARAM ] array (
)
[ info ] [ LOG ] INIT File
---------------------------------------------------------------
[ 2018-11-02T10:10:05+08:00 ] 0.0.0.0 GET /static/index/css/root.css
[ info ] kwok.com/static/index/css/root.css [运行时间：0.153763s][吞吐率：6.50req/s] [内存消耗：1,028.34kb] [文件加载：29]
[ info ] [ LANG ] /Users/Kwok/git/kwok/thinkphp/lang/zh-cn.php
[ info ] [ ROUTE ] array (
  'type' => 'module',
  'module' => 
  array (
    0 => 'static',
    1 => 'index',
    2 => 'css',
  ),
)
[ info ] [ HEADER ] array (
  'host' => 'kwok.com',
  'connection' => 'keep-alive',
  'pragma' => 'no-cache',
  'cache-control' => 'no-cache',
  'user-agent' => 'Mozilla/5.0 (Macintosh; Intel Mac OS X 10_11_4) AppleWebKit/537.36 (KHTML, like Gecko) Chrome/70.0.3538.77 Safari/537.36',
  'dnt' => '1',
  'accept' => 'text/css,*/*;q=0.1',
  'referer' => 'http://kwok.com/',
  'accept-encoding' => 'gzip, deflate',
  'accept-language' => 'zh,en;q=0.9,zh-TW;q=0.8,zh-CN;q=0.7',
  'cookie' => 'pgv_pvi=7880343552; OUTFOX_SEARCH_USER_ID_NCOO=1262556674.9797127',
)
[ info ] [ PARAM ] array (
)
[ info ] [ LOG ] INIT File
---------------------------------------------------------------
[ 2018-11-02T10:10:05+08:00 ] 0.0.0.0 GET /static/index/js/bootstrap-toggle/bootstrap-toggle.min.js
[ info ] kwok.com/static/index/js/bootstrap-toggle/bootstrap-toggle.min.js [运行时间：0.055845s][吞吐率：17.91req/s] [内存消耗：1,029.53kb] [文件加载：29]
[ info ] [ LANG ] /Users/Kwok/git/kwok/thinkphp/lang/zh-cn.php
[ info ] [ ROUTE ] array (
  'type' => 'module',
  'module' => 
  array (
    0 => 'static',
    1 => 'index',
    2 => 'js',
  ),
)
[ info ] [ HEADER ] array (
  'host' => 'kwok.com',
  'connection' => 'keep-alive',
  'pragma' => 'no-cache',
  'cache-control' => 'no-cache',
  'user-agent' => 'Mozilla/5.0 (Macintosh; Intel Mac OS X 10_11_4) AppleWebKit/537.36 (KHTML, like Gecko) Chrome/70.0.3538.77 Safari/537.36',
  'dnt' => '1',
  'accept' => '*/*',
  'referer' => 'http://kwok.com/',
  'accept-encoding' => 'gzip, deflate',
  'accept-language' => 'zh,en;q=0.9,zh-TW;q=0.8,zh-CN;q=0.7',
  'cookie' => 'pgv_pvi=7880343552; OUTFOX_SEARCH_USER_ID_NCOO=1262556674.9797127',
)
[ info ] [ PARAM ] array (
  'toggle' => 'bootstrap-toggle.min.js',
)
[ info ] [ LOG ] INIT File
---------------------------------------------------------------
[ 2018-11-02T10:10:05+08:00 ] 0.0.0.0 GET /static/index/js/flot-chart/flot-chart.js
[ info ] kwok.com/static/index/js/flot-chart/flot-chart.js [运行时间：0.056592s][吞吐率：17.67req/s] [内存消耗：1,029.29kb] [文件加载：29]
[ info ] [ LANG ] /Users/Kwok/git/kwok/thinkphp/lang/zh-cn.php
[ info ] [ ROUTE ] array (
  'type' => 'module',
  'module' => 
  array (
    0 => 'static',
    1 => 'index',
    2 => 'js',
  ),
)
[ info ] [ HEADER ] array (
  'host' => 'kwok.com',
  'connection' => 'keep-alive',
  'pragma' => 'no-cache',
  'cache-control' => 'no-cache',
  'user-agent' => 'Mozilla/5.0 (Macintosh; Intel Mac OS X 10_11_4) AppleWebKit/537.36 (KHTML, like Gecko) Chrome/70.0.3538.77 Safari/537.36',
  'dnt' => '1',
  'accept' => '*/*',
  'referer' => 'http://kwok.com/',
  'accept-encoding' => 'gzip, deflate',
  'accept-language' => 'zh,en;q=0.9,zh-TW;q=0.8,zh-CN;q=0.7',
  'cookie' => 'pgv_pvi=7880343552; OUTFOX_SEARCH_USER_ID_NCOO=1262556674.9797127',
)
[ info ] [ PARAM ] array (
  'chart' => 'flot-chart.js',
)
[ info ] [ LOG ] INIT File
---------------------------------------------------------------
[ 2018-11-02T10:10:05+08:00 ] 0.0.0.0 GET /static/index/js/bootstrap-select/bootstrap-select.js
[ info ] kwok.com/static/index/js/bootstrap-select/bootstrap-select.js [运行时间：0.063049s][吞吐率：15.86req/s] [内存消耗：1,029.42kb] [文件加载：29]
[ info ] [ LANG ] /Users/Kwok/git/kwok/thinkphp/lang/zh-cn.php
[ info ] [ ROUTE ] array (
  'type' => 'module',
  'module' => 
  array (
    0 => 'static',
    1 => 'index',
    2 => 'js',
  ),
)
[ info ] [ HEADER ] array (
  'host' => 'kwok.com',
  'connection' => 'keep-alive',
  'pragma' => 'no-cache',
  'cache-control' => 'no-cache',
  'user-agent' => 'Mozilla/5.0 (Macintosh; Intel Mac OS X 10_11_4) AppleWebKit/537.36 (KHTML, like Gecko) Chrome/70.0.3538.77 Safari/537.36',
  'dnt' => '1',
  'accept' => '*/*',
  'referer' => 'http://kwok.com/',
  'accept-encoding' => 'gzip, deflate',
  'accept-language' => 'zh,en;q=0.9,zh-TW;q=0.8,zh-CN;q=0.7',
  'cookie' => 'pgv_pvi=7880343552; OUTFOX_SEARCH_USER_ID_NCOO=1262556674.9797127',
)
[ info ] [ PARAM ] array (
  'select' => 'bootstrap-select.js',
)
[ info ] [ LOG ] INIT File
---------------------------------------------------------------
[ 2018-11-02T10:10:05+08:00 ] 0.0.0.0 GET /static/index/js/plugins.js
[ info ] kwok.com/static/index/js/plugins.js [运行时间：0.105633s][吞吐率：9.47req/s] [内存消耗：1,028.29kb] [文件加载：29]
[ info ] [ LANG ] /Users/Kwok/git/kwok/thinkphp/lang/zh-cn.php
[ info ] [ ROUTE ] array (
  'type' => 'module',
  'module' => 
  array (
    0 => 'static',
    1 => 'index',
    2 => 'js',
  ),
)
[ info ] [ HEADER ] array (
  'host' => 'kwok.com',
  'connection' => 'keep-alive',
  'pragma' => 'no-cache',
  'cache-control' => 'no-cache',
  'user-agent' => 'Mozilla/5.0 (Macintosh; Intel Mac OS X 10_11_4) AppleWebKit/537.36 (KHTML, like Gecko) Chrome/70.0.3538.77 Safari/537.36',
  'dnt' => '1',
  'accept' => '*/*',
  'referer' => 'http://kwok.com/',
  'accept-encoding' => 'gzip, deflate',
  'accept-language' => 'zh,en;q=0.9,zh-TW;q=0.8,zh-CN;q=0.7',
  'cookie' => 'pgv_pvi=7880343552; OUTFOX_SEARCH_USER_ID_NCOO=1262556674.9797127',
)
[ info ] [ PARAM ] array (
)
[ info ] [ LOG ] INIT File
---------------------------------------------------------------
[ 2018-11-02T10:10:05+08:00 ] 0.0.0.0 GET /static/index/js/bootstrap/bootstrap.min.js
[ info ] kwok.com/static/index/js/bootstrap/bootstrap.min.js [运行时间：0.065102s][吞吐率：15.36req/s] [内存消耗：1,029.32kb] [文件加载：29]
[ info ] [ LANG ] /Users/Kwok/git/kwok/thinkphp/lang/zh-cn.php
[ info ] [ ROUTE ] array (
  'type' => 'module',
  'module' => 
  array (
    0 => 'static',
    1 => 'index',
    2 => 'js',
  ),
)
[ info ] [ HEADER ] array (
  'host' => 'kwok.com',
  'connection' => 'keep-alive',
  'pragma' => 'no-cache',
  'cache-control' => 'no-cache',
  'user-agent' => 'Mozilla/5.0 (Macintosh; Intel Mac OS X 10_11_4) AppleWebKit/537.36 (KHTML, like Gecko) Chrome/70.0.3538.77 Safari/537.36',
  'dnt' => '1',
  'accept' => '*/*',
  'referer' => 'http://kwok.com/',
  'accept-encoding' => 'gzip, deflate',
  'accept-language' => 'zh,en;q=0.9,zh-TW;q=0.8,zh-CN;q=0.7',
  'cookie' => 'pgv_pvi=7880343552; OUTFOX_SEARCH_USER_ID_NCOO=1262556674.9797127',
)
[ info ] [ PARAM ] array (
  'bootstrap' => 'bootstrap.min.js',
)
[ info ] [ LOG ] INIT File
---------------------------------------------------------------
[ 2018-11-02T10:10:05+08:00 ] 0.0.0.0 GET /static/index/js/flot-chart/flot-chart-stack.js
[ info ] kwok.com/static/index/js/flot-chart/flot-chart-stack.js [运行时间：0.053071s][吞吐率：18.84req/s] [内存消耗：1,029.33kb] [文件加载：29]
[ info ] [ LANG ] /Users/Kwok/git/kwok/thinkphp/lang/zh-cn.php
[ info ] [ ROUTE ] array (
  'type' => 'module',
  'module' => 
  array (
    0 => 'static',
    1 => 'index',
    2 => 'js',
  ),
)
[ info ] [ HEADER ] array (
  'host' => 'kwok.com',
  'connection' => 'keep-alive',
  'pragma' => 'no-cache',
  'cache-control' => 'no-cache',
  'user-agent' => 'Mozilla/5.0 (Macintosh; Intel Mac OS X 10_11_4) AppleWebKit/537.36 (KHTML, like Gecko) Chrome/70.0.3538.77 Safari/537.36',
  'dnt' => '1',
  'accept' => '*/*',
  'referer' => 'http://kwok.com/',
  'accept-encoding' => 'gzip, deflate',
  'accept-language' => 'zh,en;q=0.9,zh-TW;q=0.8,zh-CN;q=0.7',
  'cookie' => 'pgv_pvi=7880343552; OUTFOX_SEARCH_USER_ID_NCOO=1262556674.9797127',
)
[ info ] [ PARAM ] array (
  'chart' => 'flot-chart-stack.js',
)
[ info ] [ LOG ] INIT File
---------------------------------------------------------------
[ 2018-11-02T10:10:05+08:00 ] 0.0.0.0 GET /static/index/js/flot-chart/flot-chart-pie.js
[ info ] kwok.com/static/index/js/flot-chart/flot-chart-pie.js [运行时间：0.052829s][吞吐率：18.93req/s] [内存消耗：1,029.30kb] [文件加载：29]
[ info ] [ LANG ] /Users/Kwok/git/kwok/thinkphp/lang/zh-cn.php
[ info ] [ ROUTE ] array (
  'type' => 'module',
  'module' => 
  array (
    0 => 'static',
    1 => 'index',
    2 => 'js',
  ),
)
[ info ] [ HEADER ] array (
  'host' => 'kwok.com',
  'connection' => 'keep-alive',
  'pragma' => 'no-cache',
  'cache-control' => 'no-cache',
  'user-agent' => 'Mozilla/5.0 (Macintosh; Intel Mac OS X 10_11_4) AppleWebKit/537.36 (KHTML, like Gecko) Chrome/70.0.3538.77 Safari/537.36',
  'dnt' => '1',
  'accept' => '*/*',
  'referer' => 'http://kwok.com/',
  'accept-encoding' => 'gzip, deflate',
  'accept-language' => 'zh,en;q=0.9,zh-TW;q=0.8,zh-CN;q=0.7',
  'cookie' => 'pgv_pvi=7880343552; OUTFOX_SEARCH_USER_ID_NCOO=1262556674.9797127',
)
[ info ] [ PARAM ] array (
  'chart' => 'flot-chart-pie.js',
)
[ info ] [ LOG ] INIT File
---------------------------------------------------------------
[ 2018-11-02T10:10:05+08:00 ] 0.0.0.0 GET /static/index/js/jquery.min.js
[ info ] kwok.com/static/index/js/jquery.min.js [运行时间：0.101029s][吞吐率：9.90req/s] [内存消耗：1,028.32kb] [文件加载：29]
[ info ] [ LANG ] /Users/Kwok/git/kwok/thinkphp/lang/zh-cn.php
[ info ] [ ROUTE ] array (
  'type' => 'module',
  'module' => 
  array (
    0 => 'static',
    1 => 'index',
    2 => 'js',
  ),
)
[ info ] [ HEADER ] array (
  'host' => 'kwok.com',
  'connection' => 'keep-alive',
  'pragma' => 'no-cache',
  'cache-control' => 'no-cache',
  'user-agent' => 'Mozilla/5.0 (Macintosh; Intel Mac OS X 10_11_4) AppleWebKit/537.36 (KHTML, like Gecko) Chrome/70.0.3538.77 Safari/537.36',
  'dnt' => '1',
  'accept' => '*/*',
  'referer' => 'http://kwok.com/',
  'accept-encoding' => 'gzip, deflate',
  'accept-language' => 'zh,en;q=0.9,zh-TW;q=0.8,zh-CN;q=0.7',
  'cookie' => 'pgv_pvi=7880343552; OUTFOX_SEARCH_USER_ID_NCOO=1262556674.9797127',
)
[ info ] [ PARAM ] array (
)
[ info ] [ LOG ] INIT File
---------------------------------------------------------------
[ 2018-11-02T10:10:05+08:00 ] 0.0.0.0 GET /static/index/js/flot-chart/flot-chart-time.js
[ info ] kwok.com/static/index/js/flot-chart/flot-chart-time.js [运行时间：0.077083s][吞吐率：12.97req/s] [内存消耗：1,029.33kb] [文件加载：29]
[ info ] [ LANG ] /Users/Kwok/git/kwok/thinkphp/lang/zh-cn.php
[ info ] [ ROUTE ] array (
  'type' => 'module',
  'module' => 
  array (
    0 => 'static',
    1 => 'index',
    2 => 'js',
  ),
)
[ info ] [ HEADER ] array (
  'host' => 'kwok.com',
  'connection' => 'keep-alive',
  'pragma' => 'no-cache',
  'cache-control' => 'no-cache',
  'user-agent' => 'Mozilla/5.0 (Macintosh; Intel Mac OS X 10_11_4) AppleWebKit/537.36 (KHTML, like Gecko) Chrome/70.0.3538.77 Safari/537.36',
  'dnt' => '1',
  'accept' => '*/*',
  'referer' => 'http://kwok.com/',
  'accept-encoding' => 'gzip, deflate',
  'accept-language' => 'zh,en;q=0.9,zh-TW;q=0.8,zh-CN;q=0.7',
  'cookie' => 'pgv_pvi=7880343552; OUTFOX_SEARCH_USER_ID_NCOO=1262556674.9797127',
)
[ info ] [ PARAM ] array (
  'chart' => 'flot-chart-time.js',
)
[ info ] [ LOG ] INIT File
---------------------------------------------------------------
[ 2018-11-02T10:10:05+08:00 ] 0.0.0.0 GET /static/index/js/flot-chart/flot-chart-plugin.js
[ info ] kwok.com/static/index/js/flot-chart/flot-chart-plugin.js [运行时间：0.066859s][吞吐率：14.96req/s] [内存消耗：1,029.36kb] [文件加载：29]
[ info ] [ LANG ] /Users/Kwok/git/kwok/thinkphp/lang/zh-cn.php
[ info ] [ ROUTE ] array (
  'type' => 'module',
  'module' => 
  array (
    0 => 'static',
    1 => 'index',
    2 => 'js',
  ),
)
[ info ] [ HEADER ] array (
  'host' => 'kwok.com',
  'connection' => 'keep-alive',
  'pragma' => 'no-cache',
  'cache-control' => 'no-cache',
  'user-agent' => 'Mozilla/5.0 (Macintosh; Intel Mac OS X 10_11_4) AppleWebKit/537.36 (KHTML, like Gecko) Chrome/70.0.3538.77 Safari/537.36',
  'dnt' => '1',
  'accept' => '*/*',
  'referer' => 'http://kwok.com/',
  'accept-encoding' => 'gzip, deflate',
  'accept-language' => 'zh,en;q=0.9,zh-TW;q=0.8,zh-CN;q=0.7',
  'cookie' => 'pgv_pvi=7880343552; OUTFOX_SEARCH_USER_ID_NCOO=1262556674.9797127',
)
[ info ] [ PARAM ] array (
  'chart' => 'flot-chart-plugin.js',
)
[ info ] [ LOG ] INIT File
---------------------------------------------------------------
[ 2018-11-02T10:10:05+08:00 ] 0.0.0.0 GET /static/index/js/easypiechart/easypiechart.js
[ info ] kwok.com/static/index/js/easypiechart/easypiechart.js [运行时间：0.061578s][吞吐率：16.24req/s] [内存消耗：1,029.31kb] [文件加载：29]
[ info ] [ LANG ] /Users/Kwok/git/kwok/thinkphp/lang/zh-cn.php
[ info ] [ ROUTE ] array (
  'type' => 'module',
  'module' => 
  array (
    0 => 'static',
    1 => 'index',
    2 => 'js',
  ),
)
[ info ] [ HEADER ] array (
  'host' => 'kwok.com',
  'connection' => 'keep-alive',
  'pragma' => 'no-cache',
  'cache-control' => 'no-cache',
  'user-agent' => 'Mozilla/5.0 (Macintosh; Intel Mac OS X 10_11_4) AppleWebKit/537.36 (KHTML, like Gecko) Chrome/70.0.3538.77 Safari/537.36',
  'dnt' => '1',
  'accept' => '*/*',
  'referer' => 'http://kwok.com/',
  'accept-encoding' => 'gzip, deflate',
  'accept-language' => 'zh,en;q=0.9,zh-TW;q=0.8,zh-CN;q=0.7',
  'cookie' => 'pgv_pvi=7880343552; OUTFOX_SEARCH_USER_ID_NCOO=1262556674.9797127',
)
[ info ] [ PARAM ] array (
  'easypiechart' => 'easypiechart.js',
)
[ info ] [ LOG ] INIT File
---------------------------------------------------------------
[ 2018-11-02T10:10:05+08:00 ] 0.0.0.0 GET /static/index/js/easypiechart/easypiechart-plugin.js
[ info ] kwok.com/static/index/js/easypiechart/easypiechart-plugin.js [运行时间：0.062801s][吞吐率：15.92req/s] [内存消耗：1,029.43kb] [文件加载：29]
[ info ] [ LANG ] /Users/Kwok/git/kwok/thinkphp/lang/zh-cn.php
[ info ] [ ROUTE ] array (
  'type' => 'module',
  'module' => 
  array (
    0 => 'static',
    1 => 'index',
    2 => 'js',
  ),
)
[ info ] [ HEADER ] array (
  'host' => 'kwok.com',
  'connection' => 'keep-alive',
  'pragma' => 'no-cache',
  'cache-control' => 'no-cache',
  'user-agent' => 'Mozilla/5.0 (Macintosh; Intel Mac OS X 10_11_4) AppleWebKit/537.36 (KHTML, like Gecko) Chrome/70.0.3538.77 Safari/537.36',
  'dnt' => '1',
  'accept' => '*/*',
  'referer' => 'http://kwok.com/',
  'accept-encoding' => 'gzip, deflate',
  'accept-language' => 'zh,en;q=0.9,zh-TW;q=0.8,zh-CN;q=0.7',
  'cookie' => 'pgv_pvi=7880343552; OUTFOX_SEARCH_USER_ID_NCOO=1262556674.9797127',
)
[ info ] [ PARAM ] array (
  'easypiechart' => 'easypiechart-plugin.js',
)
[ info ] [ LOG ] INIT File
---------------------------------------------------------------
[ 2018-11-02T10:10:05+08:00 ] 0.0.0.0 GET /static/index/js/sparkline/sparkline.js
[ info ] kwok.com/static/index/js/sparkline/sparkline.js [运行时间：0.063773s][吞吐率：15.68req/s] [内存消耗：1,029.16kb] [文件加载：29]
[ info ] [ LANG ] /Users/Kwok/git/kwok/thinkphp/lang/zh-cn.php
[ info ] [ ROUTE ] array (
  'type' => 'module',
  'module' => 
  array (
    0 => 'static',
    1 => 'index',
    2 => 'js',
  ),
)
[ info ] [ HEADER ] array (
  'host' => 'kwok.com',
  'connection' => 'keep-alive',
  'pragma' => 'no-cache',
  'cache-control' => 'no-cache',
  'user-agent' => 'Mozilla/5.0 (Macintosh; Intel Mac OS X 10_11_4) AppleWebKit/537.36 (KHTML, like Gecko) Chrome/70.0.3538.77 Safari/537.36',
  'dnt' => '1',
  'accept' => '*/*',
  'referer' => 'http://kwok.com/',
  'accept-encoding' => 'gzip, deflate',
  'accept-language' => 'zh,en;q=0.9,zh-TW;q=0.8,zh-CN;q=0.7',
  'cookie' => 'pgv_pvi=7880343552; OUTFOX_SEARCH_USER_ID_NCOO=1262556674.9797127',
)
[ info ] [ PARAM ] array (
  'sparkline' => 'sparkline.js',
)
[ info ] [ LOG ] INIT File
---------------------------------------------------------------
[ 2018-11-02T10:10:05+08:00 ] 0.0.0.0 GET /static/index/js/sparkline/sparkline-plugin.js
[ info ] kwok.com/static/index/js/sparkline/sparkline-plugin.js [运行时间：0.081212s][吞吐率：12.31req/s] [内存消耗：1,029.35kb] [文件加载：29]
[ info ] [ LANG ] /Users/Kwok/git/kwok/thinkphp/lang/zh-cn.php
[ info ] [ ROUTE ] array (
  'type' => 'module',
  'module' => 
  array (
    0 => 'static',
    1 => 'index',
    2 => 'js',
  ),
)
[ info ] [ HEADER ] array (
  'host' => 'kwok.com',
  'connection' => 'keep-alive',
  'pragma' => 'no-cache',
  'cache-control' => 'no-cache',
  'user-agent' => 'Mozilla/5.0 (Macintosh; Intel Mac OS X 10_11_4) AppleWebKit/537.36 (KHTML, like Gecko) Chrome/70.0.3538.77 Safari/537.36',
  'dnt' => '1',
  'accept' => '*/*',
  'referer' => 'http://kwok.com/',
  'accept-encoding' => 'gzip, deflate',
  'accept-language' => 'zh,en;q=0.9,zh-TW;q=0.8,zh-CN;q=0.7',
  'cookie' => 'pgv_pvi=7880343552; OUTFOX_SEARCH_USER_ID_NCOO=1262556674.9797127',
)
[ info ] [ PARAM ] array (
  'sparkline' => 'sparkline-plugin.js',
)
[ info ] [ LOG ] INIT File
---------------------------------------------------------------
[ 2018-11-02T10:10:05+08:00 ] 0.0.0.0 GET /static/index/js/rickshaw/d3.v3.js
[ info ] kwok.com/static/index/js/rickshaw/d3.v3.js [运行时间：0.105396s][吞吐率：9.49req/s] [内存消耗：1,029.16kb] [文件加载：29]
[ info ] [ LANG ] /Users/Kwok/git/kwok/thinkphp/lang/zh-cn.php
[ info ] [ ROUTE ] array (
  'type' => 'module',
  'module' => 
  array (
    0 => 'static',
    1 => 'index',
    2 => 'js',
  ),
)
[ info ] [ HEADER ] array (
  'host' => 'kwok.com',
  'connection' => 'keep-alive',
  'pragma' => 'no-cache',
  'cache-control' => 'no-cache',
  'user-agent' => 'Mozilla/5.0 (Macintosh; Intel Mac OS X 10_11_4) AppleWebKit/537.36 (KHTML, like Gecko) Chrome/70.0.3538.77 Safari/537.36',
  'dnt' => '1',
  'accept' => '*/*',
  'referer' => 'http://kwok.com/',
  'accept-encoding' => 'gzip, deflate',
  'accept-language' => 'zh,en;q=0.9,zh-TW;q=0.8,zh-CN;q=0.7',
  'cookie' => 'pgv_pvi=7880343552; OUTFOX_SEARCH_USER_ID_NCOO=1262556674.9797127',
)
[ info ] [ PARAM ] array (
  'rickshaw' => 'd3.v3.js',
)
[ info ] [ LOG ] INIT File
---------------------------------------------------------------
[ 2018-11-02T10:10:05+08:00 ] 0.0.0.0 GET /static/index/js/rickshaw/rickshaw.js
[ info ] kwok.com/static/index/js/rickshaw/rickshaw.js [运行时间：0.096403s][吞吐率：10.37req/s] [内存消耗：1,029.16kb] [文件加载：29]
[ info ] [ LANG ] /Users/Kwok/git/kwok/thinkphp/lang/zh-cn.php
[ info ] [ ROUTE ] array (
  'type' => 'module',
  'module' => 
  array (
    0 => 'static',
    1 => 'index',
    2 => 'js',
  ),
)
[ info ] [ HEADER ] array (
  'host' => 'kwok.com',
  'connection' => 'keep-alive',
  'pragma' => 'no-cache',
  'cache-control' => 'no-cache',
  'user-agent' => 'Mozilla/5.0 (Macintosh; Intel Mac OS X 10_11_4) AppleWebKit/537.36 (KHTML, like Gecko) Chrome/70.0.3538.77 Safari/537.36',
  'dnt' => '1',
  'accept' => '*/*',
  'referer' => 'http://kwok.com/',
  'accept-encoding' => 'gzip, deflate',
  'accept-language' => 'zh,en;q=0.9,zh-TW;q=0.8,zh-CN;q=0.7',
  'cookie' => 'pgv_pvi=7880343552; OUTFOX_SEARCH_USER_ID_NCOO=1262556674.9797127',
)
[ info ] [ PARAM ] array (
  'rickshaw' => 'rickshaw.js',
)
[ info ] [ LOG ] INIT File
---------------------------------------------------------------
[ 2018-11-02T10:10:05+08:00 ] 0.0.0.0 GET /static/index/js/rickshaw/rickshaw-plugin.js
[ info ] kwok.com/static/index/js/rickshaw/rickshaw-plugin.js [运行时间：0.113493s][吞吐率：8.81req/s] [内存消耗：1,029.32kb] [文件加载：29]
[ info ] [ LANG ] /Users/Kwok/git/kwok/thinkphp/lang/zh-cn.php
[ info ] [ ROUTE ] array (
  'type' => 'module',
  'module' => 
  array (
    0 => 'static',
    1 => 'index',
    2 => 'js',
  ),
)
[ info ] [ HEADER ] array (
  'host' => 'kwok.com',
  'connection' => 'keep-alive',
  'pragma' => 'no-cache',
  'cache-control' => 'no-cache',
  'user-agent' => 'Mozilla/5.0 (Macintosh; Intel Mac OS X 10_11_4) AppleWebKit/537.36 (KHTML, like Gecko) Chrome/70.0.3538.77 Safari/537.36',
  'dnt' => '1',
  'accept' => '*/*',
  'referer' => 'http://kwok.com/',
  'accept-encoding' => 'gzip, deflate',
  'accept-language' => 'zh,en;q=0.9,zh-TW;q=0.8,zh-CN;q=0.7',
  'cookie' => 'pgv_pvi=7880343552; OUTFOX_SEARCH_USER_ID_NCOO=1262556674.9797127',
)
[ info ] [ PARAM ] array (
  'rickshaw' => 'rickshaw-plugin.js',
)
[ info ] [ LOG ] INIT File
---------------------------------------------------------------
[ 2018-11-02T10:10:05+08:00 ] 0.0.0.0 GET /static/index/js/moment/moment.min.js
[ info ] kwok.com/static/index/js/moment/moment.min.js [运行时间：0.093780s][吞吐率：10.66req/s] [内存消耗：1,029.15kb] [文件加载：29]
[ info ] [ LANG ] /Users/Kwok/git/kwok/thinkphp/lang/zh-cn.php
[ info ] [ ROUTE ] array (
  'type' => 'module',
  'module' => 
  array (
    0 => 'static',
    1 => 'index',
    2 => 'js',
  ),
)
[ info ] [ HEADER ] array (
  'host' => 'kwok.com',
  'connection' => 'keep-alive',
  'pragma' => 'no-cache',
  'cache-control' => 'no-cache',
  'user-agent' => 'Mozilla/5.0 (Macintosh; Intel Mac OS X 10_11_4) AppleWebKit/537.36 (KHTML, like Gecko) Chrome/70.0.3538.77 Safari/537.36',
  'dnt' => '1',
  'accept' => '*/*',
  'referer' => 'http://kwok.com/',
  'accept-encoding' => 'gzip, deflate',
  'accept-language' => 'zh,en;q=0.9,zh-TW;q=0.8,zh-CN;q=0.7',
  'cookie' => 'pgv_pvi=7880343552; OUTFOX_SEARCH_USER_ID_NCOO=1262556674.9797127',
)
[ info ] [ PARAM ] array (
  'moment' => 'moment.min.js',
)
[ info ] [ LOG ] INIT File
---------------------------------------------------------------
[ 2018-11-02T10:10:05+08:00 ] 0.0.0.0 GET /static/index/img/profileimg2.png
[ info ] kwok.com/static/index/img/profileimg2.png [运行时间：0.107704s][吞吐率：9.28req/s] [内存消耗：1,028.52kb] [文件加载：29]
[ info ] [ LANG ] /Users/Kwok/git/kwok/thinkphp/lang/zh-cn.php
[ info ] [ ROUTE ] array (
  'type' => 'module',
  'module' => 
  array (
    0 => 'static',
    1 => 'index',
    2 => 'img',
  ),
)
[ info ] [ HEADER ] array (
  'host' => 'kwok.com',
  'connection' => 'keep-alive',
  'pragma' => 'no-cache',
  'cache-control' => 'no-cache',
  'user-agent' => 'Mozilla/5.0 (Macintosh; Intel Mac OS X 10_11_4) AppleWebKit/537.36 (KHTML, like Gecko) Chrome/70.0.3538.77 Safari/537.36',
  'dnt' => '1',
  'accept' => 'image/webp,image/apng,image/*,*/*;q=0.8',
  'referer' => 'http://kwok.com/',
  'accept-encoding' => 'gzip, deflate',
  'accept-language' => 'zh,en;q=0.9,zh-TW;q=0.8,zh-CN;q=0.7',
  'cookie' => 'pgv_pvi=7880343552; OUTFOX_SEARCH_USER_ID_NCOO=1262556674.9797127',
)
[ info ] [ PARAM ] array (
)
[ info ] [ LOG ] INIT File
---------------------------------------------------------------
[ 2018-11-02T10:10:05+08:00 ] 0.0.0.0 GET /static/index/js/jquery.min.js
[ info ] kwok.com/static/index/js/jquery.min.js [运行时间：0.056370s][吞吐率：17.74req/s] [内存消耗：1,028.32kb] [文件加载：29]
[ info ] [ LANG ] /Users/Kwok/git/kwok/thinkphp/lang/zh-cn.php
[ info ] [ ROUTE ] array (
  'type' => 'module',
  'module' => 
  array (
    0 => 'static',
    1 => 'index',
    2 => 'js',
  ),
)
[ info ] [ HEADER ] array (
  'host' => 'kwok.com',
  'connection' => 'keep-alive',
  'pragma' => 'no-cache',
  'cache-control' => 'no-cache',
  'user-agent' => 'Mozilla/5.0 (Macintosh; Intel Mac OS X 10_11_4) AppleWebKit/537.36 (KHTML, like Gecko) Chrome/70.0.3538.77 Safari/537.36',
  'dnt' => '1',
  'accept' => '*/*',
  'referer' => 'http://kwok.com/',
  'accept-encoding' => 'gzip, deflate',
  'accept-language' => 'zh,en;q=0.9,zh-TW;q=0.8,zh-CN;q=0.7',
  'cookie' => 'pgv_pvi=7880343552; OUTFOX_SEARCH_USER_ID_NCOO=1262556674.9797127',
)
[ info ] [ PARAM ] array (
)
[ info ] [ LOG ] INIT File
---------------------------------------------------------------
[ 2018-11-02T10:10:05+08:00 ] 0.0.0.0 GET /static/index/img/profileimg3.png
[ info ] kwok.com/static/index/img/profileimg3.png [运行时间：0.085731s][吞吐率：11.66req/s] [内存消耗：1,028.52kb] [文件加载：29]
[ info ] [ LANG ] /Users/Kwok/git/kwok/thinkphp/lang/zh-cn.php
[ info ] [ ROUTE ] array (
  'type' => 'module',
  'module' => 
  array (
    0 => 'static',
    1 => 'index',
    2 => 'img',
  ),
)
[ info ] [ HEADER ] array (
  'host' => 'kwok.com',
  'connection' => 'keep-alive',
  'pragma' => 'no-cache',
  'cache-control' => 'no-cache',
  'user-agent' => 'Mozilla/5.0 (Macintosh; Intel Mac OS X 10_11_4) AppleWebKit/537.36 (KHTML, like Gecko) Chrome/70.0.3538.77 Safari/537.36',
  'dnt' => '1',
  'accept' => 'image/webp,image/apng,image/*,*/*;q=0.8',
  'referer' => 'http://kwok.com/',
  'accept-encoding' => 'gzip, deflate',
  'accept-language' => 'zh,en;q=0.9,zh-TW;q=0.8,zh-CN;q=0.7',
  'cookie' => 'pgv_pvi=7880343552; OUTFOX_SEARCH_USER_ID_NCOO=1262556674.9797127',
)
[ info ] [ PARAM ] array (
)
[ info ] [ LOG ] INIT File
---------------------------------------------------------------
[ 2018-11-02T10:10:05+08:00 ] 0.0.0.0 GET /static/index/img/profileimg4.png
[ info ] kwok.com/static/index/img/profileimg4.png [运行时间：0.064825s][吞吐率：15.43req/s] [内存消耗：1,028.52kb] [文件加载：29]
[ info ] [ LANG ] /Users/Kwok/git/kwok/thinkphp/lang/zh-cn.php
[ info ] [ ROUTE ] array (
  'type' => 'module',
  'module' => 
  array (
    0 => 'static',
    1 => 'index',
    2 => 'img',
  ),
)
[ info ] [ HEADER ] array (
  'host' => 'kwok.com',
  'connection' => 'keep-alive',
  'pragma' => 'no-cache',
  'cache-control' => 'no-cache',
  'user-agent' => 'Mozilla/5.0 (Macintosh; Intel Mac OS X 10_11_4) AppleWebKit/537.36 (KHTML, like Gecko) Chrome/70.0.3538.77 Safari/537.36',
  'dnt' => '1',
  'accept' => 'image/webp,image/apng,image/*,*/*;q=0.8',
  'referer' => 'http://kwok.com/',
  'accept-encoding' => 'gzip, deflate',
  'accept-language' => 'zh,en;q=0.9,zh-TW;q=0.8,zh-CN;q=0.7',
  'cookie' => 'pgv_pvi=7880343552; OUTFOX_SEARCH_USER_ID_NCOO=1262556674.9797127',
)
[ info ] [ PARAM ] array (
)
[ info ] [ LOG ] INIT File
---------------------------------------------------------------
[ 2018-11-02T10:10:05+08:00 ] 0.0.0.0 GET /static/index/img/example1.jpg
[ info ] kwok.com/static/index/img/example1.jpg [运行时间：0.088280s][吞吐率：11.33req/s] [内存消耗：1,028.41kb] [文件加载：29]
[ info ] [ LANG ] /Users/Kwok/git/kwok/thinkphp/lang/zh-cn.php
[ info ] [ ROUTE ] array (
  'type' => 'module',
  'module' => 
  array (
    0 => 'static',
    1 => 'index',
    2 => 'img',
  ),
)
[ info ] [ HEADER ] array (
  'host' => 'kwok.com',
  'connection' => 'keep-alive',
  'pragma' => 'no-cache',
  'cache-control' => 'no-cache',
  'user-agent' => 'Mozilla/5.0 (Macintosh; Intel Mac OS X 10_11_4) AppleWebKit/537.36 (KHTML, like Gecko) Chrome/70.0.3538.77 Safari/537.36',
  'dnt' => '1',
  'accept' => 'image/webp,image/apng,image/*,*/*;q=0.8',
  'referer' => 'http://kwok.com/',
  'accept-encoding' => 'gzip, deflate',
  'accept-language' => 'zh,en;q=0.9,zh-TW;q=0.8,zh-CN;q=0.7',
  'cookie' => 'pgv_pvi=7880343552; OUTFOX_SEARCH_USER_ID_NCOO=1262556674.9797127',
)
[ info ] [ PARAM ] array (
)
[ info ] [ LOG ] INIT File
---------------------------------------------------------------
[ 2018-11-02T10:10:05+08:00 ] 0.0.0.0 GET /static/index/img/profileimg6.png
[ info ] kwok.com/static/index/img/profileimg6.png [运行时间：0.078646s][吞吐率：12.72req/s] [内存消耗：1,028.52kb] [文件加载：29]
[ info ] [ LANG ] /Users/Kwok/git/kwok/thinkphp/lang/zh-cn.php
[ info ] [ ROUTE ] array (
  'type' => 'module',
  'module' => 
  array (
    0 => 'static',
    1 => 'index',
    2 => 'img',
  ),
)
[ info ] [ HEADER ] array (
  'host' => 'kwok.com',
  'connection' => 'keep-alive',
  'pragma' => 'no-cache',
  'cache-control' => 'no-cache',
  'user-agent' => 'Mozilla/5.0 (Macintosh; Intel Mac OS X 10_11_4) AppleWebKit/537.36 (KHTML, like Gecko) Chrome/70.0.3538.77 Safari/537.36',
  'dnt' => '1',
  'accept' => 'image/webp,image/apng,image/*,*/*;q=0.8',
  'referer' => 'http://kwok.com/',
  'accept-encoding' => 'gzip, deflate',
  'accept-language' => 'zh,en;q=0.9,zh-TW;q=0.8,zh-CN;q=0.7',
  'cookie' => 'pgv_pvi=7880343552; OUTFOX_SEARCH_USER_ID_NCOO=1262556674.9797127',
)
[ info ] [ PARAM ] array (
)
[ info ] [ LOG ] INIT File
---------------------------------------------------------------
[ 2018-11-02T10:10:05+08:00 ] 0.0.0.0 GET /static/index/img/profileimg5.png
[ info ] kwok.com/static/index/img/profileimg5.png [运行时间：0.093363s][吞吐率：10.71req/s] [内存消耗：1,028.52kb] [文件加载：29]
[ info ] [ LANG ] /Users/Kwok/git/kwok/thinkphp/lang/zh-cn.php
[ info ] [ ROUTE ] array (
  'type' => 'module',
  'module' => 
  array (
    0 => 'static',
    1 => 'index',
    2 => 'img',
  ),
)
[ info ] [ HEADER ] array (
  'host' => 'kwok.com',
  'connection' => 'keep-alive',
  'pragma' => 'no-cache',
  'cache-control' => 'no-cache',
  'user-agent' => 'Mozilla/5.0 (Macintosh; Intel Mac OS X 10_11_4) AppleWebKit/537.36 (KHTML, like Gecko) Chrome/70.0.3538.77 Safari/537.36',
  'dnt' => '1',
  'accept' => 'image/webp,image/apng,image/*,*/*;q=0.8',
  'referer' => 'http://kwok.com/',
  'accept-encoding' => 'gzip, deflate',
  'accept-language' => 'zh,en;q=0.9,zh-TW;q=0.8,zh-CN;q=0.7',
  'cookie' => 'pgv_pvi=7880343552; OUTFOX_SEARCH_USER_ID_NCOO=1262556674.9797127',
)
[ info ] [ PARAM ] array (
)
[ info ] [ LOG ] INIT File
---------------------------------------------------------------
[ 2018-11-02T10:10:05+08:00 ] 0.0.0.0 GET /static/index/js/bootstrap/bootstrap.min.js
[ info ] kwok.com/static/index/js/bootstrap/bootstrap.min.js [运行时间：0.051584s][吞吐率：19.39req/s] [内存消耗：1,029.32kb] [文件加载：29]
[ info ] [ LANG ] /Users/Kwok/git/kwok/thinkphp/lang/zh-cn.php
[ info ] [ ROUTE ] array (
  'type' => 'module',
  'module' => 
  array (
    0 => 'static',
    1 => 'index',
    2 => 'js',
  ),
)
[ info ] [ HEADER ] array (
  'host' => 'kwok.com',
  'connection' => 'keep-alive',
  'pragma' => 'no-cache',
  'cache-control' => 'no-cache',
  'user-agent' => 'Mozilla/5.0 (Macintosh; Intel Mac OS X 10_11_4) AppleWebKit/537.36 (KHTML, like Gecko) Chrome/70.0.3538.77 Safari/537.36',
  'dnt' => '1',
  'accept' => '*/*',
  'referer' => 'http://kwok.com/',
  'accept-encoding' => 'gzip, deflate',
  'accept-language' => 'zh,en;q=0.9,zh-TW;q=0.8,zh-CN;q=0.7',
  'cookie' => 'pgv_pvi=7880343552; OUTFOX_SEARCH_USER_ID_NCOO=1262556674.9797127',
)
[ info ] [ PARAM ] array (
  'bootstrap' => 'bootstrap.min.js',
)
[ info ] [ LOG ] INIT File
---------------------------------------------------------------
[ 2018-11-02T10:10:05+08:00 ] 0.0.0.0 GET /static/index/js/plugins.js
[ info ] kwok.com/static/index/js/plugins.js [运行时间：0.027793s][吞吐率：35.98req/s] [内存消耗：1,028.29kb] [文件加载：29]
[ info ] [ LANG ] /Users/Kwok/git/kwok/thinkphp/lang/zh-cn.php
[ info ] [ ROUTE ] array (
  'type' => 'module',
  'module' => 
  array (
    0 => 'static',
    1 => 'index',
    2 => 'js',
  ),
)
[ info ] [ HEADER ] array (
  'host' => 'kwok.com',
  'connection' => 'keep-alive',
  'pragma' => 'no-cache',
  'cache-control' => 'no-cache',
  'user-agent' => 'Mozilla/5.0 (Macintosh; Intel Mac OS X 10_11_4) AppleWebKit/537.36 (KHTML, like Gecko) Chrome/70.0.3538.77 Safari/537.36',
  'dnt' => '1',
  'accept' => '*/*',
  'referer' => 'http://kwok.com/',
  'accept-encoding' => 'gzip, deflate',
  'accept-language' => 'zh,en;q=0.9,zh-TW;q=0.8,zh-CN;q=0.7',
  'cookie' => 'pgv_pvi=7880343552; OUTFOX_SEARCH_USER_ID_NCOO=1262556674.9797127',
)
[ info ] [ PARAM ] array (
)
[ info ] [ LOG ] INIT File
---------------------------------------------------------------
[ 2018-11-02T10:10:05+08:00 ] 0.0.0.0 GET /static/index/js/bootstrap-select/bootstrap-select.js
[ info ] kwok.com/static/index/js/bootstrap-select/bootstrap-select.js [运行时间：0.029648s][吞吐率：33.73req/s] [内存消耗：1,029.42kb] [文件加载：29]
[ info ] [ LANG ] /Users/Kwok/git/kwok/thinkphp/lang/zh-cn.php
[ info ] [ ROUTE ] array (
  'type' => 'module',
  'module' => 
  array (
    0 => 'static',
    1 => 'index',
    2 => 'js',
  ),
)
[ info ] [ HEADER ] array (
  'host' => 'kwok.com',
  'connection' => 'keep-alive',
  'pragma' => 'no-cache',
  'cache-control' => 'no-cache',
  'user-agent' => 'Mozilla/5.0 (Macintosh; Intel Mac OS X 10_11_4) AppleWebKit/537.36 (KHTML, like Gecko) Chrome/70.0.3538.77 Safari/537.36',
  'dnt' => '1',
  'accept' => '*/*',
  'referer' => 'http://kwok.com/',
  'accept-encoding' => 'gzip, deflate',
  'accept-language' => 'zh,en;q=0.9,zh-TW;q=0.8,zh-CN;q=0.7',
  'cookie' => 'pgv_pvi=7880343552; OUTFOX_SEARCH_USER_ID_NCOO=1262556674.9797127',
)
[ info ] [ PARAM ] array (
  'select' => 'bootstrap-select.js',
)
[ info ] [ LOG ] INIT File
---------------------------------------------------------------
[ 2018-11-02T10:10:05+08:00 ] 0.0.0.0 GET /static/index/js/bootstrap-toggle/bootstrap-toggle.min.js
[ info ] kwok.com/static/index/js/bootstrap-toggle/bootstrap-toggle.min.js [运行时间：0.026407s][吞吐率：37.87req/s] [内存消耗：1,029.53kb] [文件加载：29]
[ info ] [ LANG ] /Users/Kwok/git/kwok/thinkphp/lang/zh-cn.php
[ info ] [ ROUTE ] array (
  'type' => 'module',
  'module' => 
  array (
    0 => 'static',
    1 => 'index',
    2 => 'js',
  ),
)
[ info ] [ HEADER ] array (
  'host' => 'kwok.com',
  'connection' => 'keep-alive',
  'pragma' => 'no-cache',
  'cache-control' => 'no-cache',
  'user-agent' => 'Mozilla/5.0 (Macintosh; Intel Mac OS X 10_11_4) AppleWebKit/537.36 (KHTML, like Gecko) Chrome/70.0.3538.77 Safari/537.36',
  'dnt' => '1',
  'accept' => '*/*',
  'referer' => 'http://kwok.com/',
  'accept-encoding' => 'gzip, deflate',
  'accept-language' => 'zh,en;q=0.9,zh-TW;q=0.8,zh-CN;q=0.7',
  'cookie' => 'pgv_pvi=7880343552; OUTFOX_SEARCH_USER_ID_NCOO=1262556674.9797127',
)
[ info ] [ PARAM ] array (
  'toggle' => 'bootstrap-toggle.min.js',
)
[ info ] [ LOG ] INIT File
---------------------------------------------------------------
[ 2018-11-02T10:10:05+08:00 ] 0.0.0.0 GET /static/index/js/flot-chart/flot-chart.js
[ info ] kwok.com/static/index/js/flot-chart/flot-chart.js [运行时间：0.027578s][吞吐率：36.26req/s] [内存消耗：1,029.29kb] [文件加载：29]
[ info ] [ LANG ] /Users/Kwok/git/kwok/thinkphp/lang/zh-cn.php
[ info ] [ ROUTE ] array (
  'type' => 'module',
  'module' => 
  array (
    0 => 'static',
    1 => 'index',
    2 => 'js',
  ),
)
[ info ] [ HEADER ] array (
  'host' => 'kwok.com',
  'connection' => 'keep-alive',
  'pragma' => 'no-cache',
  'cache-control' => 'no-cache',
  'user-agent' => 'Mozilla/5.0 (Macintosh; Intel Mac OS X 10_11_4) AppleWebKit/537.36 (KHTML, like Gecko) Chrome/70.0.3538.77 Safari/537.36',
  'dnt' => '1',
  'accept' => '*/*',
  'referer' => 'http://kwok.com/',
  'accept-encoding' => 'gzip, deflate',
  'accept-language' => 'zh,en;q=0.9,zh-TW;q=0.8,zh-CN;q=0.7',
  'cookie' => 'pgv_pvi=7880343552; OUTFOX_SEARCH_USER_ID_NCOO=1262556674.9797127',
)
[ info ] [ PARAM ] array (
  'chart' => 'flot-chart.js',
)
[ info ] [ LOG ] INIT File
---------------------------------------------------------------
[ 2018-11-02T10:10:05+08:00 ] 0.0.0.0 GET /static/index/js/flot-chart/flot-chart-time.js
[ info ] kwok.com/static/index/js/flot-chart/flot-chart-time.js [运行时间：0.040559s][吞吐率：24.66req/s] [内存消耗：1,029.33kb] [文件加载：29]
[ info ] [ LANG ] /Users/Kwok/git/kwok/thinkphp/lang/zh-cn.php
[ info ] [ ROUTE ] array (
  'type' => 'module',
  'module' => 
  array (
    0 => 'static',
    1 => 'index',
    2 => 'js',
  ),
)
[ info ] [ HEADER ] array (
  'host' => 'kwok.com',
  'connection' => 'keep-alive',
  'pragma' => 'no-cache',
  'cache-control' => 'no-cache',
  'user-agent' => 'Mozilla/5.0 (Macintosh; Intel Mac OS X 10_11_4) AppleWebKit/537.36 (KHTML, like Gecko) Chrome/70.0.3538.77 Safari/537.36',
  'dnt' => '1',
  'accept' => '*/*',
  'referer' => 'http://kwok.com/',
  'accept-encoding' => 'gzip, deflate',
  'accept-language' => 'zh,en;q=0.9,zh-TW;q=0.8,zh-CN;q=0.7',
  'cookie' => 'pgv_pvi=7880343552; OUTFOX_SEARCH_USER_ID_NCOO=1262556674.9797127',
)
[ info ] [ PARAM ] array (
  'chart' => 'flot-chart-time.js',
)
[ info ] [ LOG ] INIT File
---------------------------------------------------------------
[ 2018-11-02T10:10:05+08:00 ] 0.0.0.0 GET /static/index/js/flot-chart/flot-chart-stack.js
[ info ] kwok.com/static/index/js/flot-chart/flot-chart-stack.js [运行时间：0.030612s][吞吐率：32.67req/s] [内存消耗：1,029.33kb] [文件加载：29]
[ info ] [ LANG ] /Users/Kwok/git/kwok/thinkphp/lang/zh-cn.php
[ info ] [ ROUTE ] array (
  'type' => 'module',
  'module' => 
  array (
    0 => 'static',
    1 => 'index',
    2 => 'js',
  ),
)
[ info ] [ HEADER ] array (
  'host' => 'kwok.com',
  'connection' => 'keep-alive',
  'pragma' => 'no-cache',
  'cache-control' => 'no-cache',
  'user-agent' => 'Mozilla/5.0 (Macintosh; Intel Mac OS X 10_11_4) AppleWebKit/537.36 (KHTML, like Gecko) Chrome/70.0.3538.77 Safari/537.36',
  'dnt' => '1',
  'accept' => '*/*',
  'referer' => 'http://kwok.com/',
  'accept-encoding' => 'gzip, deflate',
  'accept-language' => 'zh,en;q=0.9,zh-TW;q=0.8,zh-CN;q=0.7',
  'cookie' => 'pgv_pvi=7880343552; OUTFOX_SEARCH_USER_ID_NCOO=1262556674.9797127',
)
[ info ] [ PARAM ] array (
  'chart' => 'flot-chart-stack.js',
)
[ info ] [ LOG ] INIT File
---------------------------------------------------------------
[ 2018-11-02T10:10:05+08:00 ] 0.0.0.0 GET /static/index/js/flot-chart/flot-chart-pie.js
[ info ] kwok.com/static/index/js/flot-chart/flot-chart-pie.js [运行时间：0.027391s][吞吐率：36.51req/s] [内存消耗：1,029.30kb] [文件加载：29]
[ info ] [ LANG ] /Users/Kwok/git/kwok/thinkphp/lang/zh-cn.php
[ info ] [ ROUTE ] array (
  'type' => 'module',
  'module' => 
  array (
    0 => 'static',
    1 => 'index',
    2 => 'js',
  ),
)
[ info ] [ HEADER ] array (
  'host' => 'kwok.com',
  'connection' => 'keep-alive',
  'pragma' => 'no-cache',
  'cache-control' => 'no-cache',
  'user-agent' => 'Mozilla/5.0 (Macintosh; Intel Mac OS X 10_11_4) AppleWebKit/537.36 (KHTML, like Gecko) Chrome/70.0.3538.77 Safari/537.36',
  'dnt' => '1',
  'accept' => '*/*',
  'referer' => 'http://kwok.com/',
  'accept-encoding' => 'gzip, deflate',
  'accept-language' => 'zh,en;q=0.9,zh-TW;q=0.8,zh-CN;q=0.7',
  'cookie' => 'pgv_pvi=7880343552; OUTFOX_SEARCH_USER_ID_NCOO=1262556674.9797127',
)
[ info ] [ PARAM ] array (
  'chart' => 'flot-chart-pie.js',
)
[ info ] [ LOG ] INIT File
---------------------------------------------------------------
[ 2018-11-02T10:10:05+08:00 ] 0.0.0.0 GET /static/index/js/flot-chart/flot-chart-plugin.js
[ info ] kwok.com/static/index/js/flot-chart/flot-chart-plugin.js [运行时间：0.030268s][吞吐率：33.04req/s] [内存消耗：1,029.36kb] [文件加载：29]
[ info ] [ LANG ] /Users/Kwok/git/kwok/thinkphp/lang/zh-cn.php
[ info ] [ ROUTE ] array (
  'type' => 'module',
  'module' => 
  array (
    0 => 'static',
    1 => 'index',
    2 => 'js',
  ),
)
[ info ] [ HEADER ] array (
  'host' => 'kwok.com',
  'connection' => 'keep-alive',
  'pragma' => 'no-cache',
  'cache-control' => 'no-cache',
  'user-agent' => 'Mozilla/5.0 (Macintosh; Intel Mac OS X 10_11_4) AppleWebKit/537.36 (KHTML, like Gecko) Chrome/70.0.3538.77 Safari/537.36',
  'dnt' => '1',
  'accept' => '*/*',
  'referer' => 'http://kwok.com/',
  'accept-encoding' => 'gzip, deflate',
  'accept-language' => 'zh,en;q=0.9,zh-TW;q=0.8,zh-CN;q=0.7',
  'cookie' => 'pgv_pvi=7880343552; OUTFOX_SEARCH_USER_ID_NCOO=1262556674.9797127',
)
[ info ] [ PARAM ] array (
  'chart' => 'flot-chart-plugin.js',
)
[ info ] [ LOG ] INIT File
---------------------------------------------------------------
[ 2018-11-02T10:10:05+08:00 ] 0.0.0.0 GET /static/index/js/easypiechart/easypiechart.js
[ info ] kwok.com/static/index/js/easypiechart/easypiechart.js [运行时间：0.029708s][吞吐率：33.66req/s] [内存消耗：1,029.31kb] [文件加载：29]
[ info ] [ LANG ] /Users/Kwok/git/kwok/thinkphp/lang/zh-cn.php
[ info ] [ ROUTE ] array (
  'type' => 'module',
  'module' => 
  array (
    0 => 'static',
    1 => 'index',
    2 => 'js',
  ),
)
[ info ] [ HEADER ] array (
  'host' => 'kwok.com',
  'connection' => 'keep-alive',
  'pragma' => 'no-cache',
  'cache-control' => 'no-cache',
  'user-agent' => 'Mozilla/5.0 (Macintosh; Intel Mac OS X 10_11_4) AppleWebKit/537.36 (KHTML, like Gecko) Chrome/70.0.3538.77 Safari/537.36',
  'dnt' => '1',
  'accept' => '*/*',
  'referer' => 'http://kwok.com/',
  'accept-encoding' => 'gzip, deflate',
  'accept-language' => 'zh,en;q=0.9,zh-TW;q=0.8,zh-CN;q=0.7',
  'cookie' => 'pgv_pvi=7880343552; OUTFOX_SEARCH_USER_ID_NCOO=1262556674.9797127',
)
[ info ] [ PARAM ] array (
  'easypiechart' => 'easypiechart.js',
)
[ info ] [ LOG ] INIT File
---------------------------------------------------------------
[ 2018-11-02T10:10:05+08:00 ] 0.0.0.0 GET /static/index/js/easypiechart/easypiechart-plugin.js
[ info ] kwok.com/static/index/js/easypiechart/easypiechart-plugin.js [运行时间：0.029671s][吞吐率：33.70req/s] [内存消耗：1,029.43kb] [文件加载：29]
[ info ] [ LANG ] /Users/Kwok/git/kwok/thinkphp/lang/zh-cn.php
[ info ] [ ROUTE ] array (
  'type' => 'module',
  'module' => 
  array (
    0 => 'static',
    1 => 'index',
    2 => 'js',
  ),
)
[ info ] [ HEADER ] array (
  'host' => 'kwok.com',
  'connection' => 'keep-alive',
  'pragma' => 'no-cache',
  'cache-control' => 'no-cache',
  'user-agent' => 'Mozilla/5.0 (Macintosh; Intel Mac OS X 10_11_4) AppleWebKit/537.36 (KHTML, like Gecko) Chrome/70.0.3538.77 Safari/537.36',
  'dnt' => '1',
  'accept' => '*/*',
  'referer' => 'http://kwok.com/',
  'accept-encoding' => 'gzip, deflate',
  'accept-language' => 'zh,en;q=0.9,zh-TW;q=0.8,zh-CN;q=0.7',
  'cookie' => 'pgv_pvi=7880343552; OUTFOX_SEARCH_USER_ID_NCOO=1262556674.9797127',
)
[ info ] [ PARAM ] array (
  'easypiechart' => 'easypiechart-plugin.js',
)
[ info ] [ LOG ] INIT File
---------------------------------------------------------------
[ 2018-11-02T10:10:06+08:00 ] 0.0.0.0 GET /static/index/js/sparkline/sparkline.js
[ info ] kwok.com/static/index/js/sparkline/sparkline.js [运行时间：0.030185s][吞吐率：33.13req/s] [内存消耗：1,029.16kb] [文件加载：29]
[ info ] [ LANG ] /Users/Kwok/git/kwok/thinkphp/lang/zh-cn.php
[ info ] [ ROUTE ] array (
  'type' => 'module',
  'module' => 
  array (
    0 => 'static',
    1 => 'index',
    2 => 'js',
  ),
)
[ info ] [ HEADER ] array (
  'host' => 'kwok.com',
  'connection' => 'keep-alive',
  'pragma' => 'no-cache',
  'cache-control' => 'no-cache',
  'user-agent' => 'Mozilla/5.0 (Macintosh; Intel Mac OS X 10_11_4) AppleWebKit/537.36 (KHTML, like Gecko) Chrome/70.0.3538.77 Safari/537.36',
  'dnt' => '1',
  'accept' => '*/*',
  'referer' => 'http://kwok.com/',
  'accept-encoding' => 'gzip, deflate',
  'accept-language' => 'zh,en;q=0.9,zh-TW;q=0.8,zh-CN;q=0.7',
  'cookie' => 'pgv_pvi=7880343552; OUTFOX_SEARCH_USER_ID_NCOO=1262556674.9797127',
)
[ info ] [ PARAM ] array (
  'sparkline' => 'sparkline.js',
)
[ info ] [ LOG ] INIT File
---------------------------------------------------------------
[ 2018-11-02T10:10:06+08:00 ] 0.0.0.0 GET /static/index/js/sparkline/sparkline-plugin.js
[ info ] kwok.com/static/index/js/sparkline/sparkline-plugin.js [运行时间：0.032627s][吞吐率：30.65req/s] [内存消耗：1,029.35kb] [文件加载：29]
[ info ] [ LANG ] /Users/Kwok/git/kwok/thinkphp/lang/zh-cn.php
[ info ] [ ROUTE ] array (
  'type' => 'module',
  'module' => 
  array (
    0 => 'static',
    1 => 'index',
    2 => 'js',
  ),
)
[ info ] [ HEADER ] array (
  'host' => 'kwok.com',
  'connection' => 'keep-alive',
  'pragma' => 'no-cache',
  'cache-control' => 'no-cache',
  'user-agent' => 'Mozilla/5.0 (Macintosh; Intel Mac OS X 10_11_4) AppleWebKit/537.36 (KHTML, like Gecko) Chrome/70.0.3538.77 Safari/537.36',
  'dnt' => '1',
  'accept' => '*/*',
  'referer' => 'http://kwok.com/',
  'accept-encoding' => 'gzip, deflate',
  'accept-language' => 'zh,en;q=0.9,zh-TW;q=0.8,zh-CN;q=0.7',
  'cookie' => 'pgv_pvi=7880343552; OUTFOX_SEARCH_USER_ID_NCOO=1262556674.9797127',
)
[ info ] [ PARAM ] array (
  'sparkline' => 'sparkline-plugin.js',
)
[ info ] [ LOG ] INIT File
---------------------------------------------------------------
[ 2018-11-02T10:10:06+08:00 ] 0.0.0.0 GET /static/index/js/rickshaw/d3.v3.js
[ info ] kwok.com/static/index/js/rickshaw/d3.v3.js [运行时间：0.040165s][吞吐率：24.90req/s] [内存消耗：1,029.16kb] [文件加载：29]
[ info ] [ LANG ] /Users/Kwok/git/kwok/thinkphp/lang/zh-cn.php
[ info ] [ ROUTE ] array (
  'type' => 'module',
  'module' => 
  array (
    0 => 'static',
    1 => 'index',
    2 => 'js',
  ),
)
[ info ] [ HEADER ] array (
  'host' => 'kwok.com',
  'connection' => 'keep-alive',
  'pragma' => 'no-cache',
  'cache-control' => 'no-cache',
  'user-agent' => 'Mozilla/5.0 (Macintosh; Intel Mac OS X 10_11_4) AppleWebKit/537.36 (KHTML, like Gecko) Chrome/70.0.3538.77 Safari/537.36',
  'dnt' => '1',
  'accept' => '*/*',
  'referer' => 'http://kwok.com/',
  'accept-encoding' => 'gzip, deflate',
  'accept-language' => 'zh,en;q=0.9,zh-TW;q=0.8,zh-CN;q=0.7',
  'cookie' => 'pgv_pvi=7880343552; OUTFOX_SEARCH_USER_ID_NCOO=1262556674.9797127',
)
[ info ] [ PARAM ] array (
  'rickshaw' => 'd3.v3.js',
)
[ info ] [ LOG ] INIT File
---------------------------------------------------------------
[ 2018-11-02T10:10:06+08:00 ] 0.0.0.0 GET /static/index/js/rickshaw/rickshaw.js
[ info ] kwok.com/static/index/js/rickshaw/rickshaw.js [运行时间：0.046416s][吞吐率：21.54req/s] [内存消耗：1,029.16kb] [文件加载：29]
[ info ] [ LANG ] /Users/Kwok/git/kwok/thinkphp/lang/zh-cn.php
[ info ] [ ROUTE ] array (
  'type' => 'module',
  'module' => 
  array (
    0 => 'static',
    1 => 'index',
    2 => 'js',
  ),
)
[ info ] [ HEADER ] array (
  'host' => 'kwok.com',
  'connection' => 'keep-alive',
  'pragma' => 'no-cache',
  'cache-control' => 'no-cache',
  'user-agent' => 'Mozilla/5.0 (Macintosh; Intel Mac OS X 10_11_4) AppleWebKit/537.36 (KHTML, like Gecko) Chrome/70.0.3538.77 Safari/537.36',
  'dnt' => '1',
  'accept' => '*/*',
  'referer' => 'http://kwok.com/',
  'accept-encoding' => 'gzip, deflate',
  'accept-language' => 'zh,en;q=0.9,zh-TW;q=0.8,zh-CN;q=0.7',
  'cookie' => 'pgv_pvi=7880343552; OUTFOX_SEARCH_USER_ID_NCOO=1262556674.9797127',
)
[ info ] [ PARAM ] array (
  'rickshaw' => 'rickshaw.js',
)
[ info ] [ LOG ] INIT File
---------------------------------------------------------------
[ 2018-11-02T10:10:06+08:00 ] 0.0.0.0 GET /static/index/js/rickshaw/rickshaw-plugin.js
[ info ] kwok.com/static/index/js/rickshaw/rickshaw-plugin.js [运行时间：0.044895s][吞吐率：22.27req/s] [内存消耗：1,029.32kb] [文件加载：29]
[ info ] [ LANG ] /Users/Kwok/git/kwok/thinkphp/lang/zh-cn.php
[ info ] [ ROUTE ] array (
  'type' => 'module',
  'module' => 
  array (
    0 => 'static',
    1 => 'index',
    2 => 'js',
  ),
)
[ info ] [ HEADER ] array (
  'host' => 'kwok.com',
  'connection' => 'keep-alive',
  'pragma' => 'no-cache',
  'cache-control' => 'no-cache',
  'user-agent' => 'Mozilla/5.0 (Macintosh; Intel Mac OS X 10_11_4) AppleWebKit/537.36 (KHTML, like Gecko) Chrome/70.0.3538.77 Safari/537.36',
  'dnt' => '1',
  'accept' => '*/*',
  'referer' => 'http://kwok.com/',
  'accept-encoding' => 'gzip, deflate',
  'accept-language' => 'zh,en;q=0.9,zh-TW;q=0.8,zh-CN;q=0.7',
  'cookie' => 'pgv_pvi=7880343552; OUTFOX_SEARCH_USER_ID_NCOO=1262556674.9797127',
)
[ info ] [ PARAM ] array (
  'rickshaw' => 'rickshaw-plugin.js',
)
[ info ] [ LOG ] INIT File
---------------------------------------------------------------
[ 2018-11-02T10:10:06+08:00 ] 0.0.0.0 GET /static/index/js/moment/moment.min.js
[ info ] kwok.com/static/index/js/moment/moment.min.js [运行时间：0.030794s][吞吐率：32.47req/s] [内存消耗：1,029.15kb] [文件加载：29]
[ info ] [ LANG ] /Users/Kwok/git/kwok/thinkphp/lang/zh-cn.php
[ info ] [ ROUTE ] array (
  'type' => 'module',
  'module' => 
  array (
    0 => 'static',
    1 => 'index',
    2 => 'js',
  ),
)
[ info ] [ HEADER ] array (
  'host' => 'kwok.com',
  'connection' => 'keep-alive',
  'pragma' => 'no-cache',
  'cache-control' => 'no-cache',
  'user-agent' => 'Mozilla/5.0 (Macintosh; Intel Mac OS X 10_11_4) AppleWebKit/537.36 (KHTML, like Gecko) Chrome/70.0.3538.77 Safari/537.36',
  'dnt' => '1',
  'accept' => '*/*',
  'referer' => 'http://kwok.com/',
  'accept-encoding' => 'gzip, deflate',
  'accept-language' => 'zh,en;q=0.9,zh-TW;q=0.8,zh-CN;q=0.7',
  'cookie' => 'pgv_pvi=7880343552; OUTFOX_SEARCH_USER_ID_NCOO=1262556674.9797127',
)
[ info ] [ PARAM ] array (
  'moment' => 'moment.min.js',
)
[ info ] [ LOG ] INIT File
